#
# A fatal error has been detected by the Java Runtime Environment:
#
#  Internal Error (jvmciRuntime.cpp:1609), pid=8513, tid=8527
#  fatal error: Fatal exception in JVMCI: Error calling jdk.vm.ci.services.Services.serializeSavedProperties
#
# JRE version: OpenJDK Runtime Environment GraalVM CE 22.3.0 (17.0.5+8) (build 17.0.5+8-jvmci-22.3-b08)
# Java VM: OpenJDK 64-Bit Server VM GraalVM CE 22.3.0 (17.0.5+8-jvmci-22.3-b08, mixed mode, sharing, tiered, jvmci, jvmci compiler, compressed oops, compressed class ptrs, parallel gc, linux-amd64)
# Problematic frame:
# V  [libjvm.so+0x972714]  JVMCIRuntime::fatal_exception(JVMCIEnv*, char const*)+0x74
#
# Core dump will be written. Default location: Core dumps may be processed with "/usr/share/apport/apport -p%p -s%s -c%c -d%d -P%P -u%u -g%g -- %E" (or dumping to /home/runner/javaclass/core.8513)
#
# If you would like to submit a bug report, please visit:
#   https://github.com/oracle/graal/issues
#

---------------  S U M M A R Y ------------

Command Line: -XX:ThreadPriorityPolicy=1 -XX:+UnlockExperimentalVMOptions -XX:+EnableJVMCIProduct -XX:JVMCIThreadsPerNativeLibraryRuntime=1 -XX:-UnlockExperimentalVMOptions -Declipse.application=org.eclipse.jdt.ls.core.id1 -Dosgi.bundles.defaultStartLevel=4 -Declipse.product=org.eclipse.jdt.ls.core.product -Dlog.level=ALL -Xverify:none -XX:+UseParallelGC -XX:GCTimeRatio=4 -XX:AdaptiveSizePolicyWeight=90 -Dsun.zip.disableMemoryMapping=true -Xmx512m -Xms100m /nix/store/m6gcpi1ii6rghy04cjwjddcavv7i90df-jdt-language-server-1.9.0/share/java/plugins/org.eclipse.equinox.launcher_1.6.400.v20210924-0641.jar --add-modules=ALL-SYSTEM --add-opens java.base/java.util=ALL-UNNAMED --add-opens java.base/java.lang=ALL-UNNAMED -configuration /home/runner/.cache/jdt-language-server/config -data /home/runner/.cache/jdt-language-server/data/home/runner/javaclass

Host: AMD EPYC 7B12, 8 cores, 1G, Ubuntu 20.04.2 LTS
Time: Tue Jun 27 08:30:38 2023 UTC elapsed time: 1167.192352 seconds (0d 0h 19m 27s)

---------------  T H R E A D  ---------------

Current thread (0x00007fa30c0b21d0):  JavaThread "JVMCI-native CompilerThread0" daemon [_thread_in_vm, id=8527, stack(0x00007fa2f151a000,0x00007fa2f171a000)]


Current CompileTask:
JVMCI-native:1167192 9488       4       org.eclipse.jdt.internal.compiler.util.HashtableOfObject::put (113 bytes)

Stack: [0x00007fa2f151a000,0x00007fa2f171a000],  sp=0x00007fa2f1718380,  free space=2040k
Native frames: (J=compiled Java code, j=interpreted, Vv=VM code, C=native code)
V  [libjvm.so+0x972714]  JVMCIRuntime::fatal_exception(JVMCIEnv*, char const*)+0x74
V  [libjvm.so+0x93e2fe]  JVMCIEnv::copy_saved_properties()+0x14e
V  [libjvm.so+0x9732a9]  JVMCIRuntime::initialize(JVMCIEnv*)+0xb19
V  [libjvm.so+0x9738a2]  JVMCIRuntime::get_HotSpotJVMCIRuntime(JVMCIEnv*)+0x12
V  [libjvm.so+0x9749f2]  JVMCIRuntime::compile_method(JVMCIEnv*, JVMCICompiler*, methodHandle const&, int)+0xd2
V  [libjvm.so+0x5b0d20]  CompileBroker::invoke_compiler_on_method(CompileTask*)+0x1470
V  [libjvm.so+0x5b12e8]  CompileBroker::compiler_thread_loop()+0x528
V  [libjvm.so+0xd82460]  JavaThread::thread_main_inner()+0xd0
V  [libjvm.so+0xd85a40]  Thread::call_run()+0xc0
V  [libjvm.so+0xbdb1e1]  thread_native_entry(Thread*)+0xe1

Register to memory mapping:

RAX=0x00007fa3112ac000 points into unknown readable memory: 0x0000000000000058 | 58 00 00 00 00 00 00 00
RBX=0x00007fa3123a7398: <offset 0x0000000000ef5398> in /nix/store/gpxl5qgg8kicmcvivwmybwjlpf7wh20l-graalvm17-ce-22.3.0/lib/server/libjvm.so at 0x00007fa3114b2000
RCX=0x00007fa31235f1e8: <offset 0x0000000000ead1e8> in /nix/store/gpxl5qgg8kicmcvivwmybwjlpf7wh20l-graalvm17-ce-22.3.0/lib/server/libjvm.so at 0x00007fa3114b2000
RDX=0x0000000000000649 is an unknown value
RSP=0x00007fa2f1718380 is pointing into the stack for thread: 0x00007fa30c0b21d0
RBP=0x00007fa2f17183a0 is pointing into the stack for thread: 0x00007fa30c0b21d0
RSI=0x00007fa3123a7c48: <offset 0x0000000000ef5c48> in /nix/store/gpxl5qgg8kicmcvivwmybwjlpf7wh20l-graalvm17-ce-22.3.0/lib/server/libjvm.so at 0x00007fa3114b2000
RDI=0x00000000e0000000 is an oop: java.util.LinkedHashMap 
{0x00000000e0000000} - klass: 'java/util/LinkedHashMap'
 - ---- fields (total size 7 words):
 - transient 'keySet' 'Ljava/util/Set;' @12  NULL (0)
 - transient 'values' 'Ljava/util/Collection;' @16  NULL (0)
 - transient 'size' 'I' @20  1
 - transient 'modCount' 'I' @24  1
 - 'threshold' 'I' @28  1
 - final 'loadFactor' 'F' @32  0.750000 (3f400000)
 - transient 'table' '[Ljava/util/HashMap$Node;' @36  a 'java/util/HashMap$Node'[2] {0x00000000e0000038} (e0000038)
 - transient 'entrySet' 'Ljava/util/Set;' @40  a 'java/util/LinkedHashMap$LinkedEntrySet'{0x00000000e00000d0} (e00000d0)
 - final 'accessOrder' 'Z' @44  false
 - transient 'head' 'Ljava/util/LinkedHashMap$Entry;' @48  a 'java/util/LinkedHashMap$Entry'{0x00000000e0000050} (e0000050)
 - transient 'tail' 'Ljava/util/LinkedHashMap$Entry;' @52  a 'java/util/LinkedHashMap$Entry'{0x00000000e0000050} (e0000050)
R8 =0x00007fa3123a7398: <offset 0x0000000000ef5398> in /nix/store/gpxl5qgg8kicmcvivwmybwjlpf7wh20l-graalvm17-ce-22.3.0/lib/server/libjvm.so at 0x00007fa3114b2000
R9 =0x00007fa2f1718330 is pointing into the stack for thread: 0x00007fa30c0b21d0
R10=0x00007fa2f1719948 is pointing into the stack for thread: 0x00007fa30c0b21d0
R11=0x0000000000000293 is an unknown value
R12=0x0 is NULL
R13=0x00007fa30c0b21d0 is a thread
R14=0x00007fa30c000b80 points into unknown readable memory: 0x00007fa3125d8a38 | 38 8a 5d 12 a3 7f 00 00
R15=0x00007fa3126e6e40: <offset 0x0000000001234e40> in /nix/store/gpxl5qgg8kicmcvivwmybwjlpf7wh20l-graalvm17-ce-22.3.0/lib/server/libjvm.so at 0x00007fa3114b2000


Registers:
RAX=0x00007fa3112ac000, RBX=0x00007fa3123a7398, RCX=0x00007fa31235f1e8, RDX=0x0000000000000649
RSP=0x00007fa2f1718380, RBP=0x00007fa2f17183a0, RSI=0x00007fa3123a7c48, RDI=0x00000000e0000000
R8 =0x00007fa3123a7398, R9 =0x00007fa2f1718330, R10=0x00007fa2f1719948, R11=0x0000000000000293
R12=0x0000000000000000, R13=0x00007fa30c0b21d0, R14=0x00007fa30c000b80, R15=0x00007fa3126e6e40
RIP=0x00007fa311e24714, EFLAGS=0x0000000000010206, CSGSFS=0x002b000000000033, ERR=0x0000000000000006
  TRAPNO=0x000000000000000e

Top of Stack: (sp=0x00007fa2f1718380)
0x00007fa2f1718380:   00007fa2f1718940 00007fa30c0b21d0
0x00007fa2f1718390:   00007fa310c42cd8 0000000800c458e8
0x00007fa2f17183a0:   00007fa2f1718500 00007fa311df02fe
0x00007fa2f17183b0:   00007fa2f17183e0 00007fa2f1718440 

Instructions: (pc=0x00007fa311e24714)
0x00007fa311e24614:   30 e8 f6 cf e8 ff 4c 89 e7 e8 2e 48 d1 ff 84 db
0x00007fa311e24624:   75 2a 4d 85 ed 74 04 4d 8b 6d 00 48 83 c4 08 44
0x00007fa311e24634:   89 f9 4c 89 f2 4c 89 ee 5b 4c 89 e7 41 5c 41 5d
0x00007fa311e24644:   41 5e 41 5f 5d e9 e2 47 d1 ff 66 90 48 83 c4 08
0x00007fa311e24654:   5b 41 5c 41 5d 41 5e 41 5f 5d c3 90 31 d2 be 08
0x00007fa311e24664:   00 00 00 4c 89 ff e8 b1 78 a3 ff 49 89 c5 e9 37
0x00007fa311e24674:   ff ff ff 66 0f 1f 84 00 00 00 00 00 48 8b 7a 08
0x00007fa311e24684:   e9 6d ff ff ff 0f 1f 80 00 00 00 00 e8 5b 48 0a
0x00007fa311e24694:   00 84 c0 75 89 e9 6a ff ff ff 66 90 55 48 89 e5
0x00007fa311e246a4:   41 56 41 55 41 54 49 89 fc 53 48 89 f3 66 48 8d
0x00007fa311e246b4:   3d 27 5e 85 00 66 66 48 e8 df 43 8d ff 4c 8b 28
0x00007fa311e246c4:   8b 05 be 72 8a 00 85 c0 75 14 ba 01 00 00 00 48
0x00007fa311e246d4:   8d 0d ae 72 8a 00 f0 0f b1 11 85 c0 74 4e be c8
0x00007fa311e246e4:   00 00 00 4c 89 ef e8 01 0b 41 00 48 8d 05 12 ac
0x00007fa311e246f4:   85 00 49 89 d8 48 8d 0d e8 aa 53 00 ba 49 06 00
0x00007fa311e24704:   00 48 8d 35 3c 35 58 00 bf 00 00 00 e0 48 8b 00
0x00007fa311e24714:   c6 00 58 31 c0 e8 e2 91 c6 ff 5b 41 5c 41 5d 41
0x00007fa311e24724:   5e 5d e9 55 34 26 00 0f 1f 44 00 00 48 8d 05 81
0x00007fa311e24734:   a3 8b 00 48 89 df 4c 8b 30 e8 9e 43 8d ff 48 89
0x00007fa311e24744:   de 48 89 c2 49 8b 06 4c 89 f7 ff 50 08 4c 89 f7
0x00007fa311e24754:   e8 a7 5c 27 00 4d 85 e4 74 12 be 01 00 00 00 4c
0x00007fa311e24764:   89 e7 e8 35 43 fc ff eb 82 0f 1f 00 be 01 00 00
0x00007fa311e24774:   00 4c 89 ef e8 d3 fd ff ff e9 6d ff ff ff 66 66
0x00007fa311e24784:   2e 0f 1f 84 00 00 00 00 00 0f 1f 00 55 48 89 e5
0x00007fa311e24794:   41 57 41 56 41 55 41 54 53 48 81 ec 08 02 00 00
0x00007fa311e247a4:   64 48 8b 04 25 28 00 00 00 48 89 45 c8 8b 07 83
0x00007fa311e247b4:   f8 02 0f 84 11 04 00 00 4c 8b 6f 18 49 89 ff 49
0x00007fa311e247c4:   89 f4 4d 85 ed 74 14 4c 89 ef e8 5d 57 22 00 41
0x00007fa311e247d4:   8b 07 83 f8 02 0f 84 19 04 00 00 48 8d 1d 9a 06
0x00007fa311e247e4:   8a 00 4c 8d 35 0b 3c 58 00 eb 38 90 48 85 d2 7f
0x00007fa311e247f4:   0d 48 8d 05 b4 c0 85 00 48 83 38 00 7e 0e 41 8b
0x00007fa311e24804:   77 2c 4c 89 f7 31 c0 e8 a0 b2 f7 ff 49 8b 7f 18 


Stack slot to memory mapping:
stack at sp + 0 slots: 0x00007fa2f1718940 is pointing into the stack for thread: 0x00007fa30c0b21d0
stack at sp + 1 slots: 0x00007fa30c0b21d0 is a thread
stack at sp + 2 slots: 0x00007fa310c42cd8 points into unknown readable memory: 0x65730018b09fffff | ff ff 9f b0 18 00 73 65
stack at sp + 3 slots: 0x0000000800c458e8 is a pointer to class: 
jdk.vm.ci.services.Services {0x0000000800c458e8}
 - instance size:     2
 - klass size:        65
 - access:            public final synchronized 
 - state:             fully_initialized
 - name:              'jdk/vm/ci/services/Services'
 - super:             'java/lang/Object'
 - sub:               
 - arrays:            NULL
 - methods:           Array<T>(0x00007fa2f1c62d20)
 - method ordering:   Array<T>(0x0000000800928960)
 - default_methods:   Array<T>(0x0000000000000000)
 - local interfaces:  Array<T>(0x00000008005ce810)
 - trans. interfaces: Array<T>(0x00000008005ce810)
 - constants:         constant pool [427] {0x00007fa2f1c61a28} for 'jdk/vm/ci/services/Services' cache=0x00007fa2f1c64390
 - class loader data:  loader data: 0x00007fa30c0283f0 of 'bootstrap'
 - source file:       'Services.java'
 - class annotations:       Array<T>(0x0000000000000000)
 - class type annotations:  Array<T>(0x0000000000000000)
 - field annotations:       Array<T>(0x0000000000000000)
 - field type annotations:  Array<T>(0x0000000000000000)
 - inner classes:     Array<T>(0x00007fa2f1c63fc0)
 - nest members:     Array<T>(0x00007fa2f1c63fe0)
 - permitted subclasses:     Array<T>(0x00000008005ce7a0)
 - java mirror:       a 'java/lang/Class'{0x00000000e02a9408} = 'jdk/vm/ci/services/Services'
 - vtable length      5  (start addr: 0x0000000800c45ab8)
 - itable length      2 (start addr: 0x0000000800c45ae0)
 - ---- static fields (3 words):
 - public static final 'IS_BUILDING_NATIVE_IMAGE' 'Z' @128 
 - public static final 'IS_IN_NATIVE_IMAGE' 'Z' @129 
 - private static volatile 'savedProperties' 'Ljava/util/Map;' @112 
 - static final 'JVMCI_ENABLED' 'Z' @130 
 - private static final 'servicesCache' 'Ljava/util/Map;' @116 
 - private static final 'MAX_UNICODE_IN_UTF8_LENGTH' 'I' @120 
 - private static final 'MAX_UTF8_PROPERTY_STRING_LENGTH' 'I' @124 
 - ---- non-static fields (0 words):
 - non-static oop maps: 
stack at sp + 4 slots: 0x00007fa2f1718500 is pointing into the stack for thread: 0x00007fa30c0b21d0
stack at sp + 5 slots: 0x00007fa311df02fe: <offset 0x000000000093e2fe> in /nix/store/gpxl5qgg8kicmcvivwmybwjlpf7wh20l-graalvm17-ce-22.3.0/lib/server/libjvm.so at 0x00007fa3114b2000
stack at sp + 6 slots: 0x00007fa2f17183e0 is pointing into the stack for thread: 0x00007fa30c0b21d0
stack at sp + 7 slots: 0x00007fa2f1718440 is pointing into the stack for thread: 0x00007fa30c0b21d0


---------------  P R O C E S S  ---------------

Threads class SMR info:
_java_thread_list=0x00007fa24c000e80, length=25, elements={
0x00007fa30c026690, 0x00007fa30c0a64d0, 0x00007fa30c0a7910, 0x00007fa30c0ae040,
0x00007fa30c0af3f0, 0x00007fa30c0b07e0, 0x00007fa30c0b21d0, 0x00007fa30c0b36e0,
0x00007fa30c0b4b30, 0x00007fa30c0d7bf0, 0x00007fa30c11ffa0, 0x00007fa30c3067a0,
0x00007fa30c34e520, 0x00007fa30c3516d0, 0x00007fa2a002fb60, 0x00007fa2a044da30,
0x00007fa2a04ed510, 0x00007fa2a08343b0, 0x00007fa30c3821e0, 0x00007fa30c411b10,
0x00007fa27817bb70, 0x00007fa27817faa0, 0x00007fa278180270, 0x00007fa278180d40,
0x00007fa26802da40
}

Java Threads: ( => current thread )
  0x00007fa30c026690 JavaThread "main" [_thread_blocked, id=8519, stack(0x00007fa3112cd000,0x00007fa3113cd000)]
  0x00007fa30c0a64d0 JavaThread "Reference Handler" daemon [_thread_blocked, id=8522, stack(0x00007fa3102e4000,0x00007fa3103e4000)]
  0x00007fa30c0a7910 JavaThread "Finalizer" daemon [_thread_blocked, id=8523, stack(0x00007fa3101e4000,0x00007fa3102e4000)]
  0x00007fa30c0ae040 JavaThread "Signal Dispatcher" daemon [_thread_blocked, id=8524, stack(0x00007fa3100e4000,0x00007fa3101e4000)]
  0x00007fa30c0af3f0 JavaThread "Service Thread" daemon [_thread_blocked, id=8525, stack(0x00007fa2f181a000,0x00007fa2f191a000)]
  0x00007fa30c0b07e0 JavaThread "Monitor Deflation Thread" daemon [_thread_blocked, id=8526, stack(0x00007fa2f171a000,0x00007fa2f181a000)]
=>0x00007fa30c0b21d0 JavaThread "JVMCI-native CompilerThread0" daemon [_thread_in_vm, id=8527, stack(0x00007fa2f151a000,0x00007fa2f171a000)]
  0x00007fa30c0b36e0 JavaThread "C1 CompilerThread0" daemon [_thread_blocked, id=8528, stack(0x00007fa2f131a000,0x00007fa2f151a000)]
  0x00007fa30c0b4b30 JavaThread "Sweeper thread" daemon [_thread_blocked, id=8529, stack(0x00007fa2f121a000,0x00007fa2f131a000)]
  0x00007fa30c0d7bf0 JavaThread "Common-Cleaner" daemon [_thread_blocked, id=8530, stack(0x00007fa2f111a000,0x00007fa2f121a000)]
  0x00007fa30c11ffa0 JavaThread "Notification Thread" daemon [_thread_blocked, id=8531, stack(0x00007fa2f101a000,0x00007fa2f111a000)]
  0x00007fa30c3067a0 JavaThread "Active Thread: Equinox Container: f9a92982-64aa-4512-8f08-bdeb44797310" [_thread_blocked, id=8544, stack(0x00007fa2f0d00000,0x00007fa2f0e00000)]
  0x00007fa30c34e520 JavaThread "Framework Event Dispatcher: Equinox Container: f9a92982-64aa-4512-8f08-bdeb44797310" daemon [_thread_blocked, id=8545, stack(0x00007fa2f0b00000,0x00007fa2f0c00000)]
  0x00007fa30c3516d0 JavaThread "Start Level: Equinox Container: f9a92982-64aa-4512-8f08-bdeb44797310" daemon [_thread_blocked, id=8546, stack(0x00007fa2f0900000,0x00007fa2f0a00000)]
  0x00007fa2a002fb60 JavaThread "SCR Component Actor" daemon [_thread_blocked, id=8547, stack(0x00007fa2f0700000,0x00007fa2f0800000)]
  0x00007fa2a044da30 JavaThread "Worker-JM" [_thread_blocked, id=8557, stack(0x00007fa2f0300000,0x00007fa2f0400000)]
  0x00007fa2a04ed510 JavaThread "Worker-0" [_thread_blocked, id=8558, stack(0x00007fa2f0100000,0x00007fa2f0200000)]
  0x00007fa2a08343b0 JavaThread "Bundle File Closer" daemon [_thread_blocked, id=8570, stack(0x00007fa2b8300000,0x00007fa2b8400000)]
  0x00007fa30c3821e0 JavaThread "pool-3-thread-1" [_thread_blocked, id=8571, stack(0x00007fa2b8100000,0x00007fa2b8200000)]
  0x00007fa30c411b10 JavaThread "pool-2-thread-1" [_thread_blocked, id=8579, stack(0x00007fa2b7f00000,0x00007fa2b8000000)]
  0x00007fa27817bb70 JavaThread "Thread-9" [_thread_blocked, id=8716, stack(0x00007fa2b7700000,0x00007fa2b7800000)]
  0x00007fa27817faa0 JavaThread "Thread-24" [_thread_blocked, id=8939, stack(0x00007fa2b8000000,0x00007fa2b8100000)]
  0x00007fa278180270 JavaThread "Thread-26" [_thread_blocked, id=8953, stack(0x00007fa2f0e18000,0x00007fa2f0f18000)]
  0x00007fa278180d40 JavaThread "Thread-27" [_thread_blocked, id=8966, stack(0x00007fa2f0c00000,0x00007fa2f0d00000)]
  0x00007fa26802da40 JavaThread "Worker-5" [_thread_blocked, id=11565, stack(0x00007fa2b7900000,0x00007fa2b7a00000)]

Other Threads:
  0x00007fa30c0a1c10 VMThread "VM Thread" [stack: 0x00007fa3103e6000,0x00007fa3104e6000] [id=8521] _threads_hazard_ptr=0x00007fa24c000e80
  0x00007fa30c121940 WatcherThread [stack: 0x00007fa2f0f1a000,0x00007fa2f101a000] [id=8532]
  0x00007fa30c03df30 GCTaskThread "GC Thread#0" [stack: 0x00007fa310e90000,0x00007fa310f90000] [id=8520]

Threads with active compile tasks:
JVMCI-native CompilerThread0  1167314 9488       4       org.eclipse.jdt.internal.compiler.util.HashtableOfObject::put (113 bytes)

VM state: synchronizing (normal execution)

VM Mutex/Monitor currently owned by a thread:  ([mutex/lock_event])
[0x00007fa30c023840] Threads_lock - owner thread: 0x00007fa30c0a1c10
[0x00007fa30c023ff0] Heap_lock - owner thread: 0x00007fa27817faa0

OutOfMemory and StackOverflow Exception counts:
OutOfMemoryError java_heap_errors=12
LinkageErrors=58

Heap address: 0x00000000e0000000, size: 512 MB, Compressed Oops mode: 32-bit

CDS archive(s) mapped at: [0x0000000800000000-0x0000000800bc8000-0x0000000800bc8000), size 12353536, SharedBaseAddress: 0x0000000800000000, ArchiveRelocationMode: 0.
Compressed class space mapped at: 0x0000000800c00000-0x0000000840c00000, reserved size: 1073741824
Narrow klass base: 0x0000000800000000, Narrow klass shift: 0, Narrow klass range: 0x100000000

GC Precious Log:
 CPUs: 8 total, 1 available
 Memory: 1024M
 Large Page Support: Disabled
 NUMA Support: Disabled
 Compressed Oops: Enabled (32-bit)
 Alignments: Space 512K, Generation 512K, Heap 2M
 Heap Min Capacity: 100M
 Heap Initial Capacity: 100M
 Heap Max Capacity: 512M
 Pre-touch: Disabled
 Parallel Workers: 1

Heap:
 PSYoungGen      total 47616K, used 29183K [0x00000000f5580000, 0x00000000f9980000, 0x0000000100000000)
  eden space 29184K, 99% used [0x00000000f5580000,0x00000000f71ffff0,0x00000000f7200000)
  from space 18432K, 0% used [0x00000000f8600000,0x00000000f8600000,0x00000000f9800000)
  to   space 19456K, 0% used [0x00000000f7200000,0x00000000f7200000,0x00000000f8500000)
 ParOldGen       total 349696K, used 349695K [0x00000000e0000000, 0x00000000f5580000, 0x00000000f5580000)
  object space 349696K, 99% used [0x00000000e0000000,0x00000000f557fff0,0x00000000f5580000)
 Metaspace       used 57907K, committed 58752K, reserved 1105920K
  class space    used 5576K, committed 5952K, reserved 1048576K

Card table byte_map: [0x00007fa310f90000,0x00007fa311091000] _byte_map_base: 0x00007fa310890000

Marking Bits: (ParMarkBitMap*) 0x00007fa3126e04c0
 Begin Bits: [0x00007fa2f24b3000, 0x00007fa2f2cb3000)
 End Bits:   [0x00007fa2f2cb3000, 0x00007fa2f34b3000)

Polling page: 0x00007fa3112aa000

Metaspace:

Usage:
  Non-class:     51.10 MB used.
      Class:      5.45 MB used.
       Both:     56.55 MB used.

Virtual space:
  Non-class space:       56.00 MB reserved,      51.56 MB ( 92%) committed,  7 nodes.
      Class space:        1.00 GB reserved,       5.81 MB ( <1%) committed,  1 nodes.
             Both:        1.05 GB reserved,      57.38 MB (  5%) committed. 

Chunk freelists:
   Non-Class:  80.00 KB
       Class:  2.25 MB
        Both:  2.33 MB

MaxMetaspaceSize: unlimited
CompressedClassSpaceSize: 1.00 GB
Initial GC threshold: 21.00 MB
Current GC threshold: 95.75 MB
CDS: on
MetaspaceReclaimPolicy: balanced
 - commit_granule_bytes: 65536.
 - commit_granule_words: 8192.
 - virtual_space_node_default_size: 1048576.
 - enlarge_chunks_in_place: 1.
 - new_chunks_are_fully_committed: 0.
 - uncommit_free_chunks: 1.
 - use_allocation_guard: 0.
 - handle_deallocations: 1.


Internal statistics:

num_allocs_failed_limit: 6.
num_arena_births: 506.
num_arena_deaths: 166.
num_vsnodes_births: 8.
num_vsnodes_deaths: 0.
num_space_committed: 916.
num_space_uncommitted: 1.
num_chunks_returned_to_freelist: 234.
num_chunks_taken_from_freelist: 2965.
num_chunk_merges: 94.
num_chunk_splits: 1898.
num_chunks_enlarged: 1179.
num_purges: 12.
num_inconsistent_stats: 0.

CodeHeap 'non-profiled nmethods': size=120036Kb used=3233Kb max_used=3233Kb free=116802Kb
 bounds [0x00007fa2faf7a000, 0x00007fa2fb2aa000, 0x00007fa3024b3000]
CodeHeap 'profiled nmethods': size=120032Kb used=16813Kb max_used=16813Kb free=103219Kb
 bounds [0x00007fa2f3a42000, 0x00007fa2f4ab2000, 0x00007fa2faf7a000]
CodeHeap 'non-nmethods': size=5692Kb used=1375Kb max_used=1385Kb free=4316Kb
 bounds [0x00007fa2f34b3000, 0x00007fa2f3723000, 0x00007fa2f3a42000]
 total_blobs=8069 nmethods=7356 adapters=595
 compilation: enabled
              stopped_count=0, restarted_count=0
 full_count=0

JVMCI Events (20 events):
Event: 604.102 Thread 0x00007fa30c0b21d0 destroyed JavaVM[6]@0x00007fa2b719e340 for JVMCI runtime 0
Event: 604.102 Thread 0x00007fa30c0b21d0 compacted oop handles in JVMCI runtime 0 from 65 to 65
Event: 604.102 Thread 0x00007fa30c0b21d0 releasing handles for JVMCI runtime 0: oop handles=65, metadata handles={total=120, live=111, blocks=46}
Event: 604.102 Thread 0x00007fa30c0b21d0 detached from JVMCI runtime 0
Event: 682.031 Thread 0x00007fa30c0b21d0 attached to JVMCI runtime 0
Event: 682.033 Thread 0x00007fa30c0b21d0 created JavaVM[7]@0x00007fa2b719e340 for JVMCI runtime 0
Event: 683.098 Thread 0x00007fa30c0b21d0 initializing JVMCI runtime 0
Event: 683.098 Thread 0x00007fa30c0b21d0 done waiting for JavaVM references initialization in JVMCI runtime 0
Event: 719.021 Thread 0x00007fa30c0b21d0 initialized JVMCI runtime 0
Event: 729.891 Thread 0x00007fa30c0b21d0 detaching from JVMCI runtime 0: releasing idle compiler thread (0 other threads still attached)
Event: 729.891 Thread 0x00007fa30c0b21d0 shutting down HotSpotJVMCIRuntime for JVMCI runtime 0
Event: 729.891 Thread 0x00007fa30c0b21d0 shut down JVMCI runtime 0
Event: 731.754 Thread 0x00007fa30c0b21d0 destroyed JavaVM[7]@0x00007fa2b719e340 for JVMCI runtime 0
Event: 731.757 Thread 0x00007fa30c0b21d0 compacted oop handles in JVMCI runtime 0 from 48 to 48
Event: 731.757 Thread 0x00007fa30c0b21d0 releasing handles for JVMCI runtime 0: oop handles=48, metadata handles={total=96, live=89, blocks=46}
Event: 731.757 Thread 0x00007fa30c0b21d0 detached from JVMCI runtime 0
Event: 1156.167 Thread 0x00007fa30c0b21d0 attached to JVMCI runtime 0
Event: 1156.172 Thread 0x00007fa30c0b21d0 created JavaVM[8]@0x00007fa2b719e340 for JVMCI runtime 0
Event: 1156.172 Thread 0x00007fa30c0b21d0 initializing JVMCI runtime 0
Event: 1156.172 Thread 0x00007fa30c0b21d0 done waiting for JavaVM references initialization in JVMCI runtime 0

Compilation events (20 events):
Event: 994.630 Thread 0x00007fa30c0b36e0 nmethod 9478 0x00007fa2f4aa8610 code [0x00007fa2f4aa87c0, 0x00007fa2f4aa8920]
Event: 1005.837 Thread 0x00007fa30c0b36e0 9479       3       java.util.concurrent.locks.ReentrantLock$NonfairSync::tryAcquire (27 bytes)
Event: 1006.819 Thread 0x00007fa30c0b36e0 nmethod 9479 0x00007fa2f4aa8a10 code [0x00007fa2f4aa8bc0, 0x00007fa2f4aa8e20]
Event: 1028.531 Thread 0x00007fa30c0b36e0 9480       3       org.eclipse.jdt.internal.core.util.Messages::bind (17 bytes)
Event: 1028.531 Thread 0x00007fa30c0b36e0 nmethod 9480 0x00007fa2f4aa8f10 code [0x00007fa2f4aa9100, 0x00007fa2f4aa9970]
Event: 1049.090 Thread 0x00007fa30c0b36e0 9481       3       org.eclipse.jdt.internal.core.search.indexing.AddJrtToIndex::getJobFamily (22 bytes)
Event: 1050.033 Thread 0x00007fa30c0b36e0 nmethod 9481 0x00007fa2f4aa9b90 code [0x00007fa2f4aa9d60, 0x00007fa2f4aaa030]
Event: 1063.192 Thread 0x00007fa30c0b36e0 9482       3       java.lang.StringBuffer::<init> (6 bytes)
Event: 1066.401 Thread 0x00007fa30c0b36e0 nmethod 9482 0x00007fa2f4aaa190 code [0x00007fa2f4aaa340, 0x00007fa2f4aaa480]
Event: 1066.401 Thread 0x00007fa30c0b36e0 9483       3       org.eclipse.core.runtime.jobs.Job::setName (6 bytes)
Event: 1066.401 Thread 0x00007fa30c0b36e0 nmethod 9483 0x00007fa2f4aaa510 code [0x00007fa2f4aaa6c0, 0x00007fa2f4aaa8e0]
Event: 1066.401 Thread 0x00007fa30c0b36e0 9484       3       org.eclipse.core.internal.jobs.InternalJob::setName (10 bytes)
Event: 1066.402 Thread 0x00007fa30c0b36e0 nmethod 9484 0x00007fa2f4aaaa10 code [0x00007fa2f4aaabc0, 0x00007fa2f4aaad80]
Event: 1085.004 Thread 0x00007fa30c0b36e0 9485   !   3       java.util.concurrent.locks.AbstractQueuedSynchronizer::acquire (407 bytes)
Event: 1089.352 Thread 0x00007fa30c0b36e0 nmethod 9485 0x00007fa2f4aaae90 code [0x00007fa2f4aab200, 0x00007fa2f4aad020]
Event: 1118.673 Thread 0x00007fa30c0b36e0 9486       3       java.nio.ByteBuffer::clear (7 bytes)
Event: 1118.674 Thread 0x00007fa30c0b36e0 nmethod 9486 0x00007fa2f4aad910 code [0x00007fa2f4aadac0, 0x00007fa2f4aadc30]
Event: 1141.933 Thread 0x00007fa30c0b36e0 9487       3       java.util.concurrent.ThreadPoolExecutor::workerCountOf (5 bytes)
Event: 1141.933 Thread 0x00007fa30c0b36e0 nmethod 9487 0x00007fa2f461ce10 code [0x00007fa2f461cfa0, 0x00007fa2f461d090]
Event: 1156.167 Thread 0x00007fa30c0b21d0 9488       4       org.eclipse.jdt.internal.compiler.util.HashtableOfObject::put (113 bytes)

GC Heap History (20 events):
Event: 1154.998 GC heap before
{Heap before GC invocations=950 (full 875):
 PSYoungGen      total 47616K, used 29183K [0x00000000f5580000, 0x00000000f9980000, 0x0000000100000000)
  eden space 29184K, 99% used [0x00000000f5580000,0x00000000f71ffff8,0x00000000f7200000)
  from space 18432K, 0% used [0x00000000f8600000,0x00000000f8600000,0x00000000f9800000)
  to   space 19456K, 0% used [0x00000000f7200000,0x00000000f7200000,0x00000000f8500000)
 ParOldGen       total 349696K, used 349691K [0x00000000e0000000, 0x00000000f5580000, 0x00000000f5580000)
  object space 349696K, 99% used [0x00000000e0000000,0x00000000f557ed78,0x00000000f5580000)
 Metaspace       used 57907K, committed 58752K, reserved 1105920K
  class space    used 5576K, committed 5952K, reserved 1048576K
}
Event: 1156.167 GC heap after
{Heap after GC invocations=950 (full 875):
 PSYoungGen      total 48640K, used 29183K [0x00000000f5580000, 0x00000000f9980000, 0x0000000100000000)
  eden space 29184K, 99% used [0x00000000f5580000,0x00000000f71ffff8,0x00000000f7200000)
  from space 19456K, 0% used [0x00000000f7200000,0x00000000f7200000,0x00000000f8500000)
  to   space 18432K, 0% used [0x00000000f8600000,0x00000000f8600000,0x00000000f9800000)
 ParOldGen       total 349696K, used 349691K [0x00000000e0000000, 0x00000000f5580000, 0x00000000f5580000)
  object space 349696K, 99% used [0x00000000e0000000,0x00000000f557ed78,0x00000000f5580000)
 Metaspace       used 57907K, committed 58752K, reserved 1105920K
  class space    used 5576K, committed 5952K, reserved 1048576K
}
Event: 1156.177 GC heap before
{Heap before GC invocations=951 (full 876):
 PSYoungGen      total 48640K, used 29183K [0x00000000f5580000, 0x00000000f9980000, 0x0000000100000000)
  eden space 29184K, 99% used [0x00000000f5580000,0x00000000f71ffff8,0x00000000f7200000)
  from space 19456K, 0% used [0x00000000f7200000,0x00000000f7200000,0x00000000f8500000)
  to   space 18432K, 0% used [0x00000000f8600000,0x00000000f8600000,0x00000000f9800000)
 ParOldGen       total 349696K, used 349693K [0x00000000e0000000, 0x00000000f5580000, 0x00000000f5580000)
  object space 349696K, 99% used [0x00000000e0000000,0x00000000f557f648,0x00000000f5580000)
 Metaspace       used 57907K, committed 58752K, reserved 1105920K
  class space    used 5576K, committed 5952K, reserved 1048576K
}
Event: 1157.489 GC heap after
{Heap after GC invocations=951 (full 876):
 PSYoungGen      total 47616K, used 29183K [0x00000000f5580000, 0x00000000f9980000, 0x0000000100000000)
  eden space 29184K, 99% used [0x00000000f5580000,0x00000000f71ffe68,0x00000000f7200000)
  from space 18432K, 0% used [0x00000000f8600000,0x00000000f8600000,0x00000000f9800000)
  to   space 19456K, 0% used [0x00000000f7200000,0x00000000f7200000,0x00000000f8500000)
 ParOldGen       total 349696K, used 349693K [0x00000000e0000000, 0x00000000f5580000, 0x00000000f5580000)
  object space 349696K, 99% used [0x00000000e0000000,0x00000000f557f648,0x00000000f5580000)
 Metaspace       used 57907K, committed 58752K, reserved 1105920K
  class space    used 5576K, committed 5952K, reserved 1048576K
}
Event: 1157.490 GC heap before
{Heap before GC invocations=952 (full 877):
 PSYoungGen      total 47616K, used 29183K [0x00000000f5580000, 0x00000000f9980000, 0x0000000100000000)
  eden space 29184K, 99% used [0x00000000f5580000,0x00000000f71fffe8,0x00000000f7200000)
  from space 18432K, 0% used [0x00000000f8600000,0x00000000f8600000,0x00000000f9800000)
  to   space 19456K, 0% used [0x00000000f7200000,0x00000000f7200000,0x00000000f8500000)
 ParOldGen       total 349696K, used 349693K [0x00000000e0000000, 0x00000000f5580000, 0x00000000f5580000)
  object space 349696K, 99% used [0x00000000e0000000,0x00000000f557f648,0x00000000f5580000)
 Metaspace       used 57907K, committed 58752K, reserved 1105920K
  class space    used 5576K, committed 5952K, reserved 1048576K
}
Event: 1158.733 GC heap after
{Heap after GC invocations=952 (full 877):
 PSYoungGen      total 48640K, used 29183K [0x00000000f5580000, 0x00000000f9980000, 0x0000000100000000)
  eden space 29184K, 99% used [0x00000000f5580000,0x00000000f71fff88,0x00000000f7200000)
  from space 19456K, 0% used [0x00000000f7200000,0x00000000f7200000,0x00000000f8500000)
  to   space 18432K, 0% used [0x00000000f8600000,0x00000000f8600000,0x00000000f9800000)
 ParOldGen       total 349696K, used 349693K [0x00000000e0000000, 0x00000000f5580000, 0x00000000f5580000)
  object space 349696K, 99% used [0x00000000e0000000,0x00000000f557f648,0x00000000f5580000)
 Metaspace       used 57907K, committed 58752K, reserved 1105920K
  class space    used 5576K, committed 5952K, reserved 1048576K
}
Event: 1158.734 GC heap before
{Heap before GC invocations=953 (full 878):
 PSYoungGen      total 48640K, used 29183K [0x00000000f5580000, 0x00000000f9980000, 0x0000000100000000)
  eden space 29184K, 99% used [0x00000000f5580000,0x00000000f71ffff0,0x00000000f7200000)
  from space 19456K, 0% used [0x00000000f7200000,0x00000000f7200000,0x00000000f8500000)
  to   space 18432K, 0% used [0x00000000f8600000,0x00000000f8600000,0x00000000f9800000)
 ParOldGen       total 349696K, used 349693K [0x00000000e0000000, 0x00000000f5580000, 0x00000000f5580000)
  object space 349696K, 99% used [0x00000000e0000000,0x00000000f557f648,0x00000000f5580000)
 Metaspace       used 57907K, committed 58752K, reserved 1105920K
  class space    used 5576K, committed 5952K, reserved 1048576K
}
Event: 1160.180 GC heap after
{Heap after GC invocations=953 (full 878):
 PSYoungGen      total 47616K, used 29183K [0x00000000f5580000, 0x00000000f9980000, 0x0000000100000000)
  eden space 29184K, 99% used [0x00000000f5580000,0x00000000f71fffc0,0x00000000f7200000)
  from space 18432K, 0% used [0x00000000f8600000,0x00000000f8600000,0x00000000f9800000)
  to   space 19456K, 0% used [0x00000000f7200000,0x00000000f7200000,0x00000000f8500000)
 ParOldGen       total 349696K, used 349693K [0x00000000e0000000, 0x00000000f5580000, 0x00000000f5580000)
  object space 349696K, 99% used [0x00000000e0000000,0x00000000f557f648,0x00000000f5580000)
 Metaspace       used 57907K, committed 58752K, reserved 1105920K
  class space    used 5576K, committed 5952K, reserved 1048576K
}
Event: 1160.180 GC heap before
{Heap before GC invocations=954 (full 879):
 PSYoungGen      total 47616K, used 29183K [0x00000000f5580000, 0x00000000f9980000, 0x0000000100000000)
  eden space 29184K, 99% used [0x00000000f5580000,0x00000000f71ffff0,0x00000000f7200000)
  from space 18432K, 0% used [0x00000000f8600000,0x00000000f8600000,0x00000000f9800000)
  to   space 19456K, 0% used [0x00000000f7200000,0x00000000f7200000,0x00000000f8500000)
 ParOldGen       total 349696K, used 349693K [0x00000000e0000000, 0x00000000f5580000, 0x00000000f5580000)
  object space 349696K, 99% used [0x00000000e0000000,0x00000000f557f648,0x00000000f5580000)
 Metaspace       used 57907K, committed 58752K, reserved 1105920K
  class space    used 5576K, committed 5952K, reserved 1048576K
}
Event: 1161.631 GC heap after
{Heap after GC invocations=954 (full 879):
 PSYoungGen      total 48640K, used 29183K [0x00000000f5580000, 0x00000000f9980000, 0x0000000100000000)
  eden space 29184K, 99% used [0x00000000f5580000,0x00000000f71ffff0,0x00000000f7200000)
  from space 19456K, 0% used [0x00000000f7200000,0x00000000f7200000,0x00000000f8500000)
  to   space 18432K, 0% used [0x00000000f8600000,0x00000000f8600000,0x00000000f9800000)
 ParOldGen       total 349696K, used 349693K [0x00000000e0000000, 0x00000000f5580000, 0x00000000f5580000)
  object space 349696K, 99% used [0x00000000e0000000,0x00000000f557f648,0x00000000f5580000)
 Metaspace       used 57907K, committed 58752K, reserved 1105920K
  class space    used 5576K, committed 5952K, reserved 1048576K
}
Event: 1161.635 GC heap before
{Heap before GC invocations=955 (full 880):
 PSYoungGen      total 48640K, used 29184K [0x00000000f5580000, 0x00000000f9980000, 0x0000000100000000)
  eden space 29184K, 100% used [0x00000000f5580000,0x00000000f7200000,0x00000000f7200000)
  from space 19456K, 0% used [0x00000000f7200000,0x00000000f7200000,0x00000000f8500000)
  to   space 18432K, 0% used [0x00000000f8600000,0x00000000f8600000,0x00000000f9800000)
 ParOldGen       total 349696K, used 349695K [0x00000000e0000000, 0x00000000f5580000, 0x00000000f5580000)
  object space 349696K, 99% used [0x00000000e0000000,0x00000000f557fea8,0x00000000f5580000)
 Metaspace       used 57907K, committed 58752K, reserved 1105920K
  class space    used 5576K, committed 5952K, reserved 1048576K
}
Event: 1162.889 GC heap after
{Heap after GC invocations=955 (full 880):
 PSYoungGen      total 47616K, used 29183K [0x00000000f5580000, 0x00000000f9980000, 0x0000000100000000)
  eden space 29184K, 99% used [0x00000000f5580000,0x00000000f71ffe10,0x00000000f7200000)
  from space 18432K, 0% used [0x00000000f8600000,0x00000000f8600000,0x00000000f9800000)
  to   space 19456K, 0% used [0x00000000f7200000,0x00000000f7200000,0x00000000f8500000)
 ParOldGen       total 349696K, used 349695K [0x00000000e0000000, 0x00000000f5580000, 0x00000000f5580000)
  object space 349696K, 99% used [0x00000000e0000000,0x00000000f557fe88,0x00000000f5580000)
 Metaspace       used 57907K, committed 58752K, reserved 1105920K
  class space    used 5576K, committed 5952K, reserved 1048576K
}
Event: 1162.889 GC heap before
{Heap before GC invocations=956 (full 881):
 PSYoungGen      total 47616K, used 29184K [0x00000000f5580000, 0x00000000f9980000, 0x0000000100000000)
  eden space 29184K, 100% used [0x00000000f5580000,0x00000000f7200000,0x00000000f7200000)
  from space 18432K, 0% used [0x00000000f8600000,0x00000000f8600000,0x00000000f9800000)
  to   space 19456K, 0% used [0x00000000f7200000,0x00000000f7200000,0x00000000f8500000)
 ParOldGen       total 349696K, used 349695K [0x00000000e0000000, 0x00000000f5580000, 0x00000000f5580000)
  object space 349696K, 99% used [0x00000000e0000000,0x00000000f557fe88,0x00000000f5580000)
 Metaspace       used 57907K, committed 58752K, reserved 1105920K
  class space    used 5576K, committed 5952K, reserved 1048576K
}
Event: 1163.911 GC heap after
{Heap after GC invocations=956 (full 881):
 PSYoungGen      total 48640K, used 29183K [0x00000000f5580000, 0x00000000f9980000, 0x0000000100000000)
  eden space 29184K, 99% used [0x00000000f5580000,0x00000000f71ffe70,0x00000000f7200000)
  from space 19456K, 0% used [0x00000000f7200000,0x00000000f7200000,0x00000000f8500000)
  to   space 18432K, 0% used [0x00000000f8600000,0x00000000f8600000,0x00000000f9800000)
 ParOldGen       total 349696K, used 349695K [0x00000000e0000000, 0x00000000f5580000, 0x00000000f5580000)
  object space 349696K, 99% used [0x00000000e0000000,0x00000000f557fe88,0x00000000f5580000)
 Metaspace       used 57907K, committed 58752K, reserved 1105920K
  class space    used 5576K, committed 5952K, reserved 1048576K
}
Event: 1163.912 GC heap before
{Heap before GC invocations=957 (full 882):
 PSYoungGen      total 48640K, used 29184K [0x00000000f5580000, 0x00000000f9980000, 0x0000000100000000)
  eden space 29184K, 100% used [0x00000000f5580000,0x00000000f7200000,0x00000000f7200000)
  from space 19456K, 0% used [0x00000000f7200000,0x00000000f7200000,0x00000000f8500000)
  to   space 18432K, 0% used [0x00000000f8600000,0x00000000f8600000,0x00000000f9800000)
 ParOldGen       total 349696K, used 349695K [0x00000000e0000000, 0x00000000f5580000, 0x00000000f5580000)
  object space 349696K, 99% used [0x00000000e0000000,0x00000000f557fe88,0x00000000f5580000)
 Metaspace       used 57907K, committed 58752K, reserved 1105920K
  class space    used 5576K, committed 5952K, reserved 1048576K
}
Event: 1165.013 GC heap after
{Heap after GC invocations=957 (full 882):
 PSYoungGen      total 47616K, used 29183K [0x00000000f5580000, 0x00000000f9980000, 0x0000000100000000)
  eden space 29184K, 99% used [0x00000000f5580000,0x00000000f71ffe70,0x00000000f7200000)
  from space 18432K, 0% used [0x00000000f8600000,0x00000000f8600000,0x00000000f9800000)
  to   space 19456K, 0% used [0x00000000f7200000,0x00000000f7200000,0x00000000f8500000)
 ParOldGen       total 349696K, used 349695K [0x00000000e0000000, 0x00000000f5580000, 0x00000000f5580000)
  object space 349696K, 99% used [0x00000000e0000000,0x00000000f557fe88,0x00000000f5580000)
 Metaspace       used 57907K, committed 58752K, reserved 1105920K
  class space    used 5576K, committed 5952K, reserved 1048576K
}
Event: 1165.014 GC heap before
{Heap before GC invocations=958 (full 883):
 PSYoungGen      total 47616K, used 29183K [0x00000000f5580000, 0x00000000f9980000, 0x0000000100000000)
  eden space 29184K, 99% used [0x00000000f5580000,0x00000000f71ffff0,0x00000000f7200000)
  from space 18432K, 0% used [0x00000000f8600000,0x00000000f8600000,0x00000000f9800000)
  to   space 19456K, 0% used [0x00000000f7200000,0x00000000f7200000,0x00000000f8500000)
 ParOldGen       total 349696K, used 349695K [0x00000000e0000000, 0x00000000f5580000, 0x00000000f5580000)
  object space 349696K, 99% used [0x00000000e0000000,0x00000000f557fe88,0x00000000f5580000)
 Metaspace       used 57907K, committed 58752K, reserved 1105920K
  class space    used 5576K, committed 5952K, reserved 1048576K
}
Event: 1166.100 GC heap after
{Heap after GC invocations=958 (full 883):
 PSYoungGen      total 48640K, used 29183K [0x00000000f5580000, 0x00000000f9980000, 0x0000000100000000)
  eden space 29184K, 99% used [0x00000000f5580000,0x00000000f71fff90,0x00000000f7200000)
  from space 19456K, 0% used [0x00000000f7200000,0x00000000f7200000,0x00000000f8500000)
  to   space 18432K, 0% used [0x00000000f8600000,0x00000000f8600000,0x00000000f9800000)
 ParOldGen       total 349696K, used 349695K [0x00000000e0000000, 0x00000000f5580000, 0x00000000f5580000)
  object space 349696K, 99% used [0x00000000e0000000,0x00000000f557fe88,0x00000000f5580000)
 Metaspace       used 57907K, committed 58752K, reserved 1105920K
  class space    used 5576K, committed 5952K, reserved 1048576K
}
Event: 1166.100 GC heap before
{Heap before GC invocations=959 (full 884):
 PSYoungGen      total 48640K, used 29183K [0x00000000f5580000, 0x00000000f9980000, 0x0000000100000000)
  eden space 29184K, 99% used [0x00000000f5580000,0x00000000f71fff90,0x00000000f7200000)
  from space 19456K, 0% used [0x00000000f7200000,0x00000000f7200000,0x00000000f8500000)
  to   space 18432K, 0% used [0x00000000f8600000,0x00000000f8600000,0x00000000f9800000)
 ParOldGen       total 349696K, used 349695K [0x00000000e0000000, 0x00000000f5580000, 0x00000000f5580000)
  object space 349696K, 99% used [0x00000000e0000000,0x00000000f557fe88,0x00000000f5580000)
 Metaspace       used 57907K, committed 58752K, reserved 1105920K
  class space    used 5576K, committed 5952K, reserved 1048576K
}
Event: 1167.133 GC heap after
{Heap after GC invocations=959 (full 884):
 PSYoungGen      total 47616K, used 29183K [0x00000000f5580000, 0x00000000f9980000, 0x0000000100000000)
  eden space 29184K, 99% used [0x00000000f5580000,0x00000000f71fff90,0x00000000f7200000)
  from space 18432K, 0% used [0x00000000f8600000,0x00000000f8600000,0x00000000f9800000)
  to   space 19456K, 0% used [0x00000000f7200000,0x00000000f7200000,0x00000000f8500000)
 ParOldGen       total 349696K, used 349695K [0x00000000e0000000, 0x00000000f5580000, 0x00000000f5580000)
  object space 349696K, 99% used [0x00000000e0000000,0x00000000f557fe88,0x00000000f5580000)
 Metaspace       used 57907K, committed 58752K, reserved 1105920K
  class space    used 5576K, committed 5952K, reserved 1048576K
}

Dll operation events (8 events):
Event: 0.004 Loaded shared library /nix/store/gpxl5qgg8kicmcvivwmybwjlpf7wh20l-graalvm17-ce-22.3.0/lib/libjava.so
Event: 0.025 Loaded shared library /nix/store/gpxl5qgg8kicmcvivwmybwjlpf7wh20l-graalvm17-ce-22.3.0/lib/libjsvml.so
Event: 0.217 Loaded shared library /nix/store/gpxl5qgg8kicmcvivwmybwjlpf7wh20l-graalvm17-ce-22.3.0/lib/libnio.so
Event: 0.220 Loaded shared library /nix/store/gpxl5qgg8kicmcvivwmybwjlpf7wh20l-graalvm17-ce-22.3.0/lib/libzip.so
Event: 0.291 Loaded shared library /nix/store/gpxl5qgg8kicmcvivwmybwjlpf7wh20l-graalvm17-ce-22.3.0/lib/libjvmcicompiler.so
Event: 0.591 Loaded shared library /nix/store/gpxl5qgg8kicmcvivwmybwjlpf7wh20l-graalvm17-ce-22.3.0/lib/libjimage.so
Event: 2.121 Loaded shared library /nix/store/gpxl5qgg8kicmcvivwmybwjlpf7wh20l-graalvm17-ce-22.3.0/lib/libnet.so
Event: 3.196 Loaded shared library /home/runner/.cache/jdt-language-server/config/org.eclipse.equinox.launcher/org.eclipse.equinox.launcher.gtk.linux.x86_64_1.2.400.v20211117-0650/eclipse_11600.so

Deoptimization events (20 events):
Event: 1089.334 Thread 0x00007fa28c002840 Uncommon trap: trap_request=0xffffff8f fr.pc=0x00007fa2fb251dff relative=0x000000000000097f
Event: 1089.334 Thread 0x00007fa28c002840 Uncommon trap: reason=constraint action=none pc=0x00007fa2fb251dff method=org.eclipse.jdt.internal.compiler.util.HashtableOfObject.<init>(I)V @ 65 jvmci
Event: 1089.334 Thread 0x00007fa28c002840 DEOPT PACKING pc=0x00007fa2fb251dff sp=0x00007fa2f08fe0e0
Event: 1089.334 Thread 0x00007fa28c002840 DEOPT UNPACKING pc=0x00007fa2f3505325 sp=0x00007fa2f08fd528 mode 3
Event: 1093.133 Thread 0x00007fa28c002840 DEOPT PACKING pc=0x00007fa2fb250dac sp=0x00007fa2f08fe140
Event: 1093.133 Thread 0x00007fa28c002840 DEOPT UNPACKING pc=0x00007fa2f3505325 sp=0x00007fa2f08fd5e0 mode 1
Event: 1093.133 Thread 0x00007fa28c002840 DEOPT PACKING pc=0x00007fa2fb16f6f8 sp=0x00007fa2f08fe190
Event: 1093.133 Thread 0x00007fa28c002840 DEOPT UNPACKING pc=0x00007fa2f3505325 sp=0x00007fa2f08fd668 mode 1
Event: 1093.133 Thread 0x00007fa28c002840 DEOPT PACKING pc=0x00007fa2fb19ed48 sp=0x00007fa2f08fe210
Event: 1093.133 Thread 0x00007fa28c002840 DEOPT UNPACKING pc=0x00007fa2f3505325 sp=0x00007fa2f08fd578 mode 1
Event: 1093.133 Thread 0x00007fa28c002840 DEOPT PACKING pc=0x00007fa2fb175300 sp=0x00007fa2f08fe260
Event: 1093.133 Thread 0x00007fa28c002840 DEOPT UNPACKING pc=0x00007fa2f3505325 sp=0x00007fa2f08fd6f0 mode 1
Event: 1093.133 Thread 0x00007fa28c002840 DEOPT PACKING pc=0x00007fa2fb27a5c4 sp=0x00007fa2f08fe2d0
Event: 1093.133 Thread 0x00007fa28c002840 DEOPT UNPACKING pc=0x00007fa2f3505325 sp=0x00007fa2f08fd7c0 mode 1
Event: 1104.613 Thread 0x00007fa28c002840 DEOPT PACKING pc=0x00007fa2fb07add0 sp=0x00007fa2f08fe440
Event: 1104.613 Thread 0x00007fa28c002840 DEOPT UNPACKING pc=0x00007fa2f3505325 sp=0x00007fa2f08fd910 mode 1
Event: 1104.613 Thread 0x00007fa28c002840 DEOPT PACKING pc=0x00007fa2fb2082b0 sp=0x00007fa2f08fe4b0
Event: 1104.613 Thread 0x00007fa28c002840 DEOPT UNPACKING pc=0x00007fa2f3505325 sp=0x00007fa2f08fd928 mode 1
Event: 1104.613 Thread 0x00007fa28c002840 DEOPT PACKING pc=0x00007fa2fb04f428 sp=0x00007fa2f08fe570
Event: 1104.613 Thread 0x00007fa28c002840 DEOPT UNPACKING pc=0x00007fa2f3505325 sp=0x00007fa2f08fd950 mode 1

Classes unloaded (20 events):
Event: 102.409 Thread 0x00007fa30c0a1c10 Unloading class 0x0000000800c85000 'jdk/internal/reflect/GeneratedMethodAccessor5'
Event: 102.409 Thread 0x00007fa30c0a1c10 Unloading class 0x0000000800c84c00 'jdk/internal/reflect/GeneratedMethodAccessor4'
Event: 102.409 Thread 0x00007fa30c0a1c10 Unloading class 0x0000000800c84800 'jdk/internal/reflect/GeneratedMethodAccessor3'
Event: 102.409 Thread 0x00007fa30c0a1c10 Unloading class 0x0000000800c84400 'jdk/internal/reflect/GeneratedMethodAccessor2'
Event: 102.409 Thread 0x00007fa30c0a1c10 Unloading class 0x0000000800c84000 'jdk/internal/reflect/GeneratedMethodAccessor1'
Event: 102.409 Thread 0x00007fa30c0a1c10 Unloading class 0x0000000800c01c00 'java/lang/invoke/LambdaForm$DMH+0x0000000800c01c00'
Event: 263.210 Thread 0x00007fa30c0a1c10 Unloading class 0x0000000801198400 'jdk/internal/reflect/GeneratedConstructorAccessor34'
Event: 617.615 Thread 0x00007fa30c0a1c10 Unloading class 0x0000000800db8400 'jdk/internal/reflect/GeneratedSerializationConstructorAccessor36'
Event: 935.429 Thread 0x00007fa30c0a1c10 Unloading class 0x0000000800db8400 'jdk/internal/reflect/GeneratedSerializationConstructorAccessor46'
Event: 957.896 Thread 0x00007fa30c0a1c10 Unloading class 0x0000000801095000 'jdk/internal/reflect/GeneratedSerializationConstructorAccessor45'
Event: 957.896 Thread 0x00007fa30c0a1c10 Unloading class 0x0000000800c01c00 'jdk/internal/reflect/GeneratedSerializationConstructorAccessor44'
Event: 957.896 Thread 0x00007fa30c0a1c10 Unloading class 0x0000000800c85000 'jdk/internal/reflect/GeneratedSerializationConstructorAccessor43'
Event: 957.896 Thread 0x00007fa30c0a1c10 Unloading class 0x0000000800cb0000 'jdk/internal/reflect/GeneratedSerializationConstructorAccessor42'
Event: 957.896 Thread 0x00007fa30c0a1c10 Unloading class 0x0000000800cb1000 'jdk/internal/reflect/GeneratedSerializationConstructorAccessor41'
Event: 957.896 Thread 0x00007fa30c0a1c10 Unloading class 0x0000000800cb2000 'jdk/internal/reflect/GeneratedSerializationConstructorAccessor40'
Event: 957.896 Thread 0x00007fa30c0a1c10 Unloading class 0x0000000800cb2800 'jdk/internal/reflect/GeneratedSerializationConstructorAccessor39'
Event: 957.896 Thread 0x00007fa30c0a1c10 Unloading class 0x0000000800d84400 'jdk/internal/reflect/GeneratedSerializationConstructorAccessor38'
Event: 957.896 Thread 0x00007fa30c0a1c10 Unloading class 0x0000000800d9f000 'jdk/internal/reflect/GeneratedSerializationConstructorAccessor37'
Event: 957.896 Thread 0x00007fa30c0a1c10 Unloading class 0x0000000801188800 'jdk/internal/reflect/GeneratedSerializationConstructorAccessor35'
Event: 957.896 Thread 0x00007fa30c0a1c10 Unloading class 0x0000000801198400 'jdk/internal/reflect/GeneratedSerializationConstructorAccessor34'

Classes redefined (0 events):
No events

Internal exceptions (20 events):
Event: 114.996 Thread 0x00007fa278180d40 Exception <a 'java/lang/ArrayIndexOutOfBoundsException'{0x00000000f7057680}: Index 575 out of bounds for length 575> (0x00000000f7057680) 
thrown [src/hotspot/share/interpreter/interpreterRuntime.cpp, line 428]
Event: 117.234 Thread 0x00007fa2a06929e0 Exception <a 'java/lang/OutOfMemoryError'{0x00000000e00bc490}> (0x00000000e00bc490) 
thrown [src/hotspot/share/gc/shared/memAllocator.cpp, line 136]
Event: 118.306 Thread 0x00007fa2781578b0 Exception <a 'java/io/FileNotFoundException'{0x00000000f5ae1c68}> (0x00000000f5ae1c68) 
thrown [src/hotspot/share/prims/jni.cpp, line 516]
Event: 118.896 Thread 0x00007fa28c002840 Implicit null exception at 0x00007fa2fb14cca0 to 0x00007fa2f3504f68
Event: 120.615 Thread 0x00007fa28c002840 Implicit null exception at 0x00007fa2fb1cd9b6 to 0x00007fa2fb1cf799
Event: 282.261 Thread 0x00007fa27817e840 Exception <a 'java/lang/OutOfMemoryError'{0x00000000e00bc470}> (0x00000000e00bc470) 
thrown [src/hotspot/share/gc/shared/memAllocator.cpp, line 138]
Event: 282.261 Thread 0x00007fa27817e840 Implicit null exception at 0x00007fa2fb251b5a to 0x00007fa2fb251dc8
Event: 289.030 Thread 0x00007fa27817e840 Exception <a 'java/lang/OutOfMemoryError'{0x00000000e00bc790}> (0x00000000e00bc790) 
thrown [src/hotspot/share/gc/shared/memAllocator.cpp, line 136]
Event: 290.101 Thread 0x00007fa27817e840 Exception <a 'java/lang/ClassNotFoundException'{0x00000000f6426d90}: sun/util/logging/resources/spi/loggingProvider> (0x00000000f6426d90) 
thrown [src/hotspot/share/classfile/systemDictionary.cpp, line 256]
Event: 934.639 Thread 0x00007fa2900010d0 Exception <a 'java/lang/OutOfMemoryError'{0x00000000e00bc790}> (0x00000000e00bc790) 
thrown [src/hotspot/share/gc/shared/memAllocator.cpp, line 136]
Event: 950.296 Thread 0x00007fa2900010d0 Exception <a 'java/lang/reflect/InvocationTargetException'{0x00000000f557c348}> (0x00000000f557c348) 
thrown [src/hotspot/share/runtime/reflection.cpp, line 1119]
Event: 957.161 Thread 0x00007fa2900010d0 Exception <a 'java/lang/reflect/InvocationTargetException'{0x00000000f557d4b0}> (0x00000000f557d4b0) 
thrown [src/hotspot/share/runtime/reflection.cpp, line 1119]
Event: 983.317 Thread 0x00007fa2900010d0 Exception <a 'java/lang/OutOfMemoryError'{0x00000000e00bc790}> (0x00000000e00bc790) 
thrown [src/hotspot/share/gc/shared/memAllocator.cpp, line 136]
Event: 990.495 Thread 0x00007fa2900010d0 Exception <a 'java/lang/OutOfMemoryError'{0x00000000e00bc790}> (0x00000000e00bc790) 
thrown [src/hotspot/share/gc/shared/memAllocator.cpp, line 136]
Event: 1089.334 Thread 0x00007fa28c002840 Exception <a 'java/lang/OutOfMemoryError'{0x00000000e00bc470}> (0x00000000e00bc470) 
thrown [src/hotspot/share/gc/shared/memAllocator.cpp, line 138]
Event: 1089.334 Thread 0x00007fa28c002840 Implicit null exception at 0x00007fa2fb251b7d to 0x00007fa2fb251de4
Event: 1093.133 Thread 0x00007fa28c002840 Exception <a 'java/lang/OutOfMemoryError'{0x00000000e00bc790}> (0x00000000e00bc790) 
thrown [src/hotspot/share/gc/shared/memAllocator.cpp, line 136]
Event: 1104.613 Thread 0x00007fa28c002840 Exception <a 'java/lang/OutOfMemoryError'{0x00000000e00bc790}> (0x00000000e00bc790) 
thrown [src/hotspot/share/gc/shared/memAllocator.cpp, line 136]
Event: 1118.672 Thread 0x00007fa28c002840 Exception <a 'java/lang/OutOfMemoryError'{0x00000000e00bc790}> (0x00000000e00bc790) 
thrown [src/hotspot/share/gc/shared/memAllocator.cpp, line 136]
Event: 1167.133 Thread 0x00007fa30c0b21d0 Exception <a 'java/lang/OutOfMemoryError'{0x00000000e00bc790}> (0x00000000e00bc790) 
thrown [src/hotspot/share/gc/shared/memAllocator.cpp, line 136]

VM Operations (20 events):
Event: 1153.803 Executing VM operation: ParallelGCFailedAllocation
Event: 1154.998 Executing VM operation: ParallelGCFailedAllocation done
Event: 1154.998 Executing VM operation: ParallelGCFailedAllocation
Event: 1156.167 Executing VM operation: ParallelGCFailedAllocation done
Event: 1156.172 Executing VM operation: ParallelGCFailedAllocation
Event: 1157.489 Executing VM operation: ParallelGCFailedAllocation done
Event: 1157.490 Executing VM operation: ParallelGCFailedAllocation
Event: 1158.733 Executing VM operation: ParallelGCFailedAllocation done
Event: 1158.733 Executing VM operation: ParallelGCFailedAllocation
Event: 1160.180 Executing VM operation: ParallelGCFailedAllocation done
Event: 1160.180 Executing VM operation: ParallelGCFailedAllocation
Event: 1161.631 Executing VM operation: ParallelGCFailedAllocation done
Event: 1161.631 Executing VM operation: ParallelGCFailedAllocation
Event: 1162.889 Executing VM operation: ParallelGCFailedAllocation done
Event: 1162.889 Executing VM operation: ParallelGCFailedAllocation
Event: 1163.911 Executing VM operation: ParallelGCFailedAllocation done
Event: 1163.911 Executing VM operation: ParallelGCFailedAllocation
Event: 1165.013 Executing VM operation: ParallelGCFailedAllocation done
Event: 1165.013 Executing VM operation: ParallelGCFailedAllocation
Event: 1167.133 Executing VM operation: ParallelGCFailedAllocation done

Events (20 events):
Event: 307.625 loading class java/util/stream/Nodes$ToArrayTask done
Event: 307.625 loading class java/util/stream/Nodes$ToArrayTask$OfRef done
Event: 307.625 Thread 0x00007fa294029e00 Thread exited: 0x00007fa294029e00
Event: 310.996 loading class java/io/ObjectOutputStream$BlockDataOutputStream
Event: 310.997 loading class java/io/ObjectOutputStream$BlockDataOutputStream done
Event: 312.193 loading class java/io/ObjectOutputStream$HandleTable
Event: 312.193 loading class java/io/ObjectOutputStream$HandleTable done
Event: 312.193 loading class java/io/ObjectOutputStream$ReplaceTable
Event: 312.194 loading class java/io/ObjectOutputStream$ReplaceTable done
Event: 312.196 loading class java/io/UnsupportedEncodingException
Event: 312.196 loading class java/io/UnsupportedEncodingException done
Event: 313.403 loading class java/nio/charset/CharacterCodingException
Event: 313.403 loading class java/nio/charset/CharacterCodingException done
Event: 957.161 loading class java/lang/AssertionError
Event: 957.161 loading class java/lang/AssertionError done
Event: 958.221 Thread 0x00007fa26802da40 Thread added: 0x00007fa26802da40
Event: 958.221 Protecting memory [0x00007fa2b7900000,0x00007fa2b7904000] with protection modes 0
Event: 990.495 Thread 0x00007fa2900010d0 Thread exited: 0x00007fa2900010d0
Event: 1108.545 Thread 0x00007fa288020aa0 Thread exited: 0x00007fa288020aa0
Event: 1118.672 Thread 0x00007fa28c002840 Thread exited: 0x00007fa28c002840


Dynamic libraries:
e0000000-f5580000 rw-p 00000000 00:00 0 
f5580000-f9980000 rw-p 00000000 00:00 0 
f9980000-100000000 ---p 00000000 00:00 0 
800000000-800449000 rw-p 00001000 00:1a64 4611686019135357769            /nix/store/gpxl5qgg8kicmcvivwmybwjlpf7wh20l-graalvm17-ce-22.3.0/lib/server/classes.jsa
800449000-800bc8000 r--p 0044a000 00:1a64 4611686019135357769            /nix/store/gpxl5qgg8kicmcvivwmybwjlpf7wh20l-graalvm17-ce-22.3.0/lib/server/classes.jsa
800bc8000-800c00000 ---p 00000000 00:00 0 
800c00000-800c20000 rw-p 00000000 00:00 0 
800c20000-800c40000 rw-p 00000000 00:00 0 
800c40000-800cc0000 rw-p 00000000 00:00 0 
800cc0000-800d00000 rw-p 00000000 00:00 0 
800d00000-800dc0000 rw-p 00000000 00:00 0 
800dc0000-800e00000 rw-p 00000000 00:00 0 
800e00000-8011d0000 rw-p 00000000 00:00 0 
8011d0000-840c00000 ---p 00000000 00:00 0 
55aa7bed5000-55aa7bed6000 r-xp 00000000 00:1a64 4611686019099417844      /nix/store/gpxl5qgg8kicmcvivwmybwjlpf7wh20l-graalvm17-ce-22.3.0/bin/.java-wrapped
55aa7bed7000-55aa7bed8000 r--p 00001000 00:1a64 4611686019099417844      /nix/store/gpxl5qgg8kicmcvivwmybwjlpf7wh20l-graalvm17-ce-22.3.0/bin/.java-wrapped
55aa7bed8000-55aa7bed9000 rw-p 00002000 00:1a64 4611686019099417844      /nix/store/gpxl5qgg8kicmcvivwmybwjlpf7wh20l-graalvm17-ce-22.3.0/bin/.java-wrapped
55aa7bed9000-55aa7beda000 rw-p 00004000 00:1a64 4611686019099417844      /nix/store/gpxl5qgg8kicmcvivwmybwjlpf7wh20l-graalvm17-ce-22.3.0/bin/.java-wrapped
55aa7beda000-55aa7bedb000 rw-p 00005000 00:1a64 4611686019099417844      /nix/store/gpxl5qgg8kicmcvivwmybwjlpf7wh20l-graalvm17-ce-22.3.0/bin/.java-wrapped
55aa7c66a000-55aa7c6b2000 rw-p 00000000 00:00 0                          [heap]
7fa248000000-7fa248021000 rw-p 00000000 00:00 0 
7fa248021000-7fa24c000000 ---p 00000000 00:00 0 
7fa24c000000-7fa24c021000 rw-p 00000000 00:00 0 
7fa24c021000-7fa250000000 ---p 00000000 00:00 0 
7fa250000000-7fa25006d000 rw-p 00000000 00:00 0 
7fa25006d000-7fa254000000 ---p 00000000 00:00 0 
7fa254000000-7fa254021000 rw-p 00000000 00:00 0 
7fa254021000-7fa258000000 ---p 00000000 00:00 0 
7fa258000000-7fa2580ae000 rw-p 00000000 00:00 0 
7fa2580ae000-7fa25c000000 ---p 00000000 00:00 0 
7fa25c000000-7fa25c044000 rw-p 00000000 00:00 0 
7fa25c044000-7fa260000000 ---p 00000000 00:00 0 
7fa260000000-7fa26008b000 rw-p 00000000 00:00 0 
7fa26008b000-7fa264000000 ---p 00000000 00:00 0 
7fa264000000-7fa26407e000 rw-p 00000000 00:00 0 
7fa26407e000-7fa268000000 ---p 00000000 00:00 0 
7fa268000000-7fa268126000 rw-p 00000000 00:00 0 
7fa268126000-7fa26c000000 ---p 00000000 00:00 0 
7fa26e4b3000-7fa278000000 r--s 00000000 00:1a64 4611686019135192581      /nix/store/gpxl5qgg8kicmcvivwmybwjlpf7wh20l-graalvm17-ce-22.3.0/lib/modules
7fa278000000-7fa278197000 rw-p 00000000 00:00 0 
7fa278197000-7fa27c000000 ---p 00000000 00:00 0 
7fa27d800000-7fa27d8a0000 rw-p 00000000 00:00 0 
7fa27d8a0000-7fa27da00000 rw-p 00000000 00:00 0 
7fa27da00000-7fa27db70000 rw-p 00000000 00:00 0 
7fa27db70000-7fa27db80000 ---p 00000000 00:00 0 
7fa27db80000-7fa27dba0000 rw-p 00000000 00:00 0 
7fa27dba0000-7fa27e000000 ---p 00000000 00:00 0 
7fa27e800000-7fa27f000000 rw-p 00000000 00:00 0 
7fa27f000000-7fa27f100000 rw-p 00000000 00:00 0 
7fa27f100000-7fa27f200000 rw-p 00000000 00:00 0 
7fa27f200000-7fa27f800000 rw-p 00000000 00:00 0 
7fa27f800000-7fa280000000 rw-p 00000000 00:00 0 
7fa280000000-7fa280021000 rw-p 00000000 00:00 0 
7fa280021000-7fa284000000 ---p 00000000 00:00 0 
7fa284000000-7fa284021000 rw-p 00000000 00:00 0 
7fa284021000-7fa288000000 ---p 00000000 00:00 0 
7fa288000000-7fa288055000 rw-p 00000000 00:00 0 
7fa288055000-7fa28c000000 ---p 00000000 00:00 0 
7fa28c000000-7fa28c029000 rw-p 00000000 00:00 0 
7fa28c029000-7fa290000000 ---p 00000000 00:00 0 
7fa290000000-7fa2903fe000 rw-p 00000000 00:00 0 
7fa2903fe000-7fa294000000 ---p 00000000 00:00 0 
7fa294000000-7fa294059000 rw-p 00000000 00:00 0 
7fa294059000-7fa298000000 ---p 00000000 00:00 0 
7fa298000000-7fa298245000 rw-p 00000000 00:00 0 
7fa298245000-7fa29c000000 ---p 00000000 00:00 0 
7fa29c000000-7fa29c021000 rw-p 00000000 00:00 0 
7fa29c021000-7fa2a0000000 ---p 00000000 00:00 0 
7fa2a0000000-7fa2a093e000 rw-p 00000000 00:00 0 
7fa2a093e000-7fa2a4000000 ---p 00000000 00:00 0 
7fa2a4000000-7fa2a4021000 rw-p 00000000 00:00 0 
7fa2a4021000-7fa2a8000000 ---p 00000000 00:00 0 
7fa2a8000000-7fa2a8021000 rw-p 00000000 00:00 0 
7fa2a8021000-7fa2ac000000 ---p 00000000 00:00 0 
7fa2ac000000-7fa2ac021000 rw-p 00000000 00:00 0 
7fa2ac021000-7fa2b0000000 ---p 00000000 00:00 0 
7fa2b0000000-7fa2b006c000 rw-p 00000000 00:00 0 
7fa2b006c000-7fa2b4000000 ---p 00000000 00:00 0 
7fa2b4400000-7fa2b4500000 rw-p 00000000 00:00 0 
7fa2b4500000-7fa2b4600000 rw-p 00000000 00:00 0 
7fa2b4600000-7fa2b4a00000 rw-p 00000000 00:00 0 
7fa2b4a00000-7fa2b4c00000 rw-p 00000000 00:00 0 
7fa2b5400000-7fa2b5500000 rw-p 00000000 00:00 0 
7fa2b5500000-7fa2b5600000 rw-p 00000000 00:00 0 
7fa2b5600000-7fa2b5b80000 rw-p 00000000 00:00 0 
7fa2b5b80000-7fa2b5c00000 rw-p 00000000 00:00 0 
7fa2b5e00000-7fa2b5e10000 r-xp 00000000 00:1a61 358                      /home/runner/.cache/jdt-language-server/config/org.eclipse.equinox.launcher/org.eclipse.equinox.launcher.gtk.linux.x86_64_1.2.400.v20211117-0650/eclipse_11600.so
7fa2b5e10000-7fa2b600f000 ---p 00010000 00:1a61 358                      /home/runner/.cache/jdt-language-server/config/org.eclipse.equinox.launcher/org.eclipse.equinox.launcher.gtk.linux.x86_64_1.2.400.v20211117-0650/eclipse_11600.so
7fa2b600f000-7fa2b6010000 r--p 0000f000 00:1a61 358                      /home/runner/.cache/jdt-language-server/config/org.eclipse.equinox.launcher/org.eclipse.equinox.launcher.gtk.linux.x86_64_1.2.400.v20211117-0650/eclipse_11600.so
7fa2b6010000-7fa2b6011000 rw-p 00010000 00:1a61 358                      /home/runner/.cache/jdt-language-server/config/org.eclipse.equinox.launcher/org.eclipse.equinox.launcher.gtk.linux.x86_64_1.2.400.v20211117-0650/eclipse_11600.so
7fa2b6500000-7fa2b6600000 ---p 00000000 00:00 0 
7fa2b6600000-7fa2b6baf000 r--p 01122000 00:1a64 4611686019135190040      /nix/store/gpxl5qgg8kicmcvivwmybwjlpf7wh20l-graalvm17-ce-22.3.0/lib/libjvmcicompiler.so
7fa2b6baf000-7fa2b6d00000 r--p 00000000 00:00 0 
7fa2b6d00000-7fa2b6d3d000 rw-p 00000000 00:00 0 
7fa2b6d3d000-7fa2b725d000 rw-p 0185f000 00:1a64 4611686019135190040      /nix/store/gpxl5qgg8kicmcvivwmybwjlpf7wh20l-graalvm17-ce-22.3.0/lib/libjvmcicompiler.so
7fa2b725d000-7fa2b7644000 r--p 01d7f000 00:1a64 4611686019135190040      /nix/store/gpxl5qgg8kicmcvivwmybwjlpf7wh20l-graalvm17-ce-22.3.0/lib/libjvmcicompiler.so
7fa2b7700000-7fa2b7704000 ---p 00000000 00:00 0 
7fa2b7704000-7fa2b7800000 rw-p 00000000 00:00 0 
7fa2b7900000-7fa2b7904000 ---p 00000000 00:00 0 
7fa2b7904000-7fa2b7a00000 rw-p 00000000 00:00 0 
7fa2b7b00000-7fa2b7b04000 ---p 00000000 00:00 0 
7fa2b7b04000-7fa2b7c00000 rw-p 00000000 00:00 0 
7fa2b7d00000-7fa2b7d04000 ---p 00000000 00:00 0 
7fa2b7d04000-7fa2b7e00000 rw-p 00000000 00:00 0 
7fa2b7e00000-7fa2b7e04000 ---p 00000000 00:00 0 
7fa2b7e04000-7fa2b7f00000 rw-p 00000000 00:00 0 
7fa2b7f00000-7fa2b7f04000 ---p 00000000 00:00 0 
7fa2b7f04000-7fa2b8000000 rw-p 00000000 00:00 0 
7fa2b8000000-7fa2b8004000 ---p 00000000 00:00 0 
7fa2b8004000-7fa2b8100000 rw-p 00000000 00:00 0 
7fa2b8100000-7fa2b8104000 ---p 00000000 00:00 0 
7fa2b8104000-7fa2b8200000 rw-p 00000000 00:00 0 
7fa2b8300000-7fa2b8304000 ---p 00000000 00:00 0 
7fa2b8304000-7fa2b8400000 rw-p 00000000 00:00 0 
7fa2b8500000-7fa2b8504000 ---p 00000000 00:00 0 
7fa2b8504000-7fa2b8600000 rw-p 00000000 00:00 0 
7fa2b8700000-7fa2b8704000 ---p 00000000 00:00 0 
7fa2b8704000-7fa2b8800000 rw-p 00000000 00:00 0 
7fa2b8900000-7fa2b8904000 ---p 00000000 00:00 0 
7fa2b8904000-7fa2b8a00000 rw-p 00000000 00:00 0 
7fa2b9668000-7fa2b9b00000 rw-p 00000000 00:00 0 
7fa2b9c00000-7fa2bbd6a000 r-xp 00000000 00:1a64 4611686019135190040      /nix/store/gpxl5qgg8kicmcvivwmybwjlpf7wh20l-graalvm17-ce-22.3.0/lib/libjvmcicompiler.so
7fa2bbd6a000-7fa2bbf69000 ---p 0216a000 00:1a64 4611686019135190040      /nix/store/gpxl5qgg8kicmcvivwmybwjlpf7wh20l-graalvm17-ce-22.3.0/lib/libjvmcicompiler.so
7fa2bbf69000-7fa2bbf6a000 r--p 02169000 00:1a64 4611686019135190040      /nix/store/gpxl5qgg8kicmcvivwmybwjlpf7wh20l-graalvm17-ce-22.3.0/lib/libjvmcicompiler.so
7fa2bbf6a000-7fa2bbf6c000 rw-p 0216a000 00:1a64 4611686019135190040      /nix/store/gpxl5qgg8kicmcvivwmybwjlpf7wh20l-graalvm17-ce-22.3.0/lib/libjvmcicompiler.so
7fa2bbf6c000-7fa2bbf6d000 rw-p 00000000 00:00 0 
7fa2bbf6d000-7fa2bbf72000 rw-p 023c3000 00:1a64 4611686019135190040      /nix/store/gpxl5qgg8kicmcvivwmybwjlpf7wh20l-graalvm17-ce-22.3.0/lib/libjvmcicompiler.so
7fa2bc000000-7fa2bc021000 rw-p 00000000 00:00 0 
7fa2bc021000-7fa2c0000000 ---p 00000000 00:00 0 
7fa2c0000000-7fa2c0021000 rw-p 00000000 00:00 0 
7fa2c0021000-7fa2c4000000 ---p 00000000 00:00 0 
7fa2c4000000-7fa2c4021000 rw-p 00000000 00:00 0 
7fa2c4021000-7fa2c8000000 ---p 00000000 00:00 0 
7fa2c8000000-7fa2c8021000 rw-p 00000000 00:00 0 
7fa2c8021000-7fa2cc000000 ---p 00000000 00:00 0 
7fa2cc000000-7fa2cc0f2000 rw-p 00000000 00:00 0 
7fa2cc0f2000-7fa2d0000000 ---p 00000000 00:00 0 
7fa2d0000000-7fa2d0af8000 rw-p 00000000 00:00 0 
7fa2d0af8000-7fa2d4000000 ---p 00000000 00:00 0 
7fa2d4000000-7fa2d4021000 rw-p 00000000 00:00 0 
7fa2d4021000-7fa2d8000000 ---p 00000000 00:00 0 
7fa2d8000000-7fa2d8021000 rw-p 00000000 00:00 0 
7fa2d8021000-7fa2dc000000 ---p 00000000 00:00 0 
7fa2dc000000-7fa2dc021000 rw-p 00000000 00:00 0 
7fa2dc021000-7fa2e0000000 ---p 00000000 00:00 0 
7fa2e0000000-7fa2e0021000 rw-p 00000000 00:00 0 
7fa2e0021000-7fa2e4000000 ---p 00000000 00:00 0 
7fa2e4000000-7fa2e4021000 rw-p 00000000 00:00 0 
7fa2e4021000-7fa2e8000000 ---p 00000000 00:00 0 
7fa2e8000000-7fa2e8021000 rw-p 00000000 00:00 0 
7fa2e8021000-7fa2ec000000 ---p 00000000 00:00 0 
7fa2ec000000-7fa2ec04f000 rw-p 00000000 00:00 0 
7fa2ec04f000-7fa2f0000000 ---p 00000000 00:00 0 
7fa2f0100000-7fa2f0104000 ---p 00000000 00:00 0 
7fa2f0104000-7fa2f0200000 rw-p 00000000 00:00 0 
7fa2f0300000-7fa2f0304000 ---p 00000000 00:00 0 
7fa2f0304000-7fa2f0400000 rw-p 00000000 00:00 0 
7fa2f0500000-7fa2f0504000 ---p 00000000 00:00 0 
7fa2f0504000-7fa2f0600000 rw-p 00000000 00:00 0 
7fa2f0700000-7fa2f0704000 ---p 00000000 00:00 0 
7fa2f0704000-7fa2f0800000 rw-p 00000000 00:00 0 
7fa2f0800000-7fa2f0804000 ---p 00000000 00:00 0 
7fa2f0804000-7fa2f0900000 rw-p 00000000 00:00 0 
7fa2f0900000-7fa2f0904000 ---p 00000000 00:00 0 
7fa2f0904000-7fa2f0a00000 rw-p 00000000 00:00 0 
7fa2f0a00000-7fa2f0a04000 ---p 00000000 00:00 0 
7fa2f0a04000-7fa2f0b00000 rw-p 00000000 00:00 0 
7fa2f0b00000-7fa2f0b04000 ---p 00000000 00:00 0 
7fa2f0b04000-7fa2f0c00000 rw-p 00000000 00:00 0 
7fa2f0c00000-7fa2f0c04000 ---p 00000000 00:00 0 
7fa2f0c04000-7fa2f0d00000 rw-p 00000000 00:00 0 
7fa2f0d00000-7fa2f0d04000 ---p 00000000 00:00 0 
7fa2f0d04000-7fa2f0e00000 rw-p 00000000 00:00 0 
7fa2f0e18000-7fa2f0e1c000 ---p 00000000 00:00 0 
7fa2f0e1c000-7fa2f0f18000 rw-p 00000000 00:00 0 
7fa2f0f18000-7fa2f0f19000 ---p 00000000 00:00 0 
7fa2f0f19000-7fa2f101a000 rw-p 00000000 00:00 0 
7fa2f101a000-7fa2f101e000 ---p 00000000 00:00 0 
7fa2f101e000-7fa2f111a000 rw-p 00000000 00:00 0 
7fa2f111a000-7fa2f111e000 ---p 00000000 00:00 0 
7fa2f111e000-7fa2f121a000 rw-p 00000000 00:00 0 
7fa2f121a000-7fa2f121e000 ---p 00000000 00:00 0 
7fa2f121e000-7fa2f131a000 rw-p 00000000 00:00 0 
7fa2f131a000-7fa2f131e000 ---p 00000000 00:00 0 
7fa2f131e000-7fa2f151a000 rw-p 00000000 00:00 0 
7fa2f151a000-7fa2f151e000 ---p 00000000 00:00 0 
7fa2f151e000-7fa2f171a000 rw-p 00000000 00:00 0 
7fa2f171a000-7fa2f171e000 ---p 00000000 00:00 0 
7fa2f171e000-7fa2f181a000 rw-p 00000000 00:00 0 
7fa2f181a000-7fa2f181e000 ---p 00000000 00:00 0 
7fa2f181e000-7fa2f191a000 rw-p 00000000 00:00 0 
7fa2f191a000-7fa2f1c00000 r--p 00000000 00:1a0e 28444448                 /usr/lib/locale/locale-archive
7fa2f1c00000-7fa2f2000000 rw-p 00000000 00:00 0 
7fa2f2000000-7fa2f2300000 rw-p 00000000 00:00 0 
7fa2f2300000-7fa2f2400000 rw-p 00000000 00:00 0 
7fa2f24b3000-7fa2f34b3000 rw-p 00000000 00:00 0 
7fa2f34b3000-7fa2f3723000 rwxp 00000000 00:00 0 
7fa2f3723000-7fa2f3a42000 ---p 00000000 00:00 0 
7fa2f3a42000-7fa2f4ab2000 rwxp 00000000 00:00 0 
7fa2f4ab2000-7fa2faf7a000 ---p 00000000 00:00 0 
7fa2faf7a000-7fa2fb2aa000 rwxp 00000000 00:00 0 
7fa2fb2aa000-7fa3024b3000 ---p 00000000 00:00 0 
7fa3024b3000-7fa30c000000 r--s 00000000 00:1a64 4611686019135192581      /nix/store/gpxl5qgg8kicmcvivwmybwjlpf7wh20l-graalvm17-ce-22.3.0/lib/modules
7fa30c000000-7fa30c417000 rw-p 00000000 00:00 0 
7fa30c417000-7fa310000000 ---p 00000000 00:00 0 
7fa310081000-7fa310085000 ---p 00000000 00:00 0 
7fa310085000-7fa3100a3000 rw-p 00000000 00:00 0 
7fa3100a3000-7fa3100aa000 r-xp 00000000 00:1a64 4611686019135192580      /nix/store/gpxl5qgg8kicmcvivwmybwjlpf7wh20l-graalvm17-ce-22.3.0/lib/libzip.so
7fa3100aa000-7fa3100ab000 ---p 00007000 00:1a64 4611686019135192580      /nix/store/gpxl5qgg8kicmcvivwmybwjlpf7wh20l-graalvm17-ce-22.3.0/lib/libzip.so
7fa3100ab000-7fa3100ac000 r--p 00007000 00:1a64 4611686019135192580      /nix/store/gpxl5qgg8kicmcvivwmybwjlpf7wh20l-graalvm17-ce-22.3.0/lib/libzip.so
7fa3100ac000-7fa3100ad000 rw-p 00008000 00:1a64 4611686019135192580      /nix/store/gpxl5qgg8kicmcvivwmybwjlpf7wh20l-graalvm17-ce-22.3.0/lib/libzip.so
7fa3100ad000-7fa3100af000 rw-p 0000b000 00:1a64 4611686019135192580      /nix/store/gpxl5qgg8kicmcvivwmybwjlpf7wh20l-graalvm17-ce-22.3.0/lib/libzip.so
7fa3100af000-7fa3100c4000 r-xp 00000000 00:1a64 4611686019135192570      /nix/store/gpxl5qgg8kicmcvivwmybwjlpf7wh20l-graalvm17-ce-22.3.0/lib/libnet.so
7fa3100c4000-7fa3100c5000 ---p 00015000 00:1a64 4611686019135192570      /nix/store/gpxl5qgg8kicmcvivwmybwjlpf7wh20l-graalvm17-ce-22.3.0/lib/libnet.so
7fa3100c5000-7fa3100c6000 r--p 00015000 00:1a64 4611686019135192570      /nix/store/gpxl5qgg8kicmcvivwmybwjlpf7wh20l-graalvm17-ce-22.3.0/lib/libnet.so
7fa3100c6000-7fa3100c7000 rw-p 00016000 00:1a64 4611686019135192570      /nix/store/gpxl5qgg8kicmcvivwmybwjlpf7wh20l-graalvm17-ce-22.3.0/lib/libnet.so
7fa3100c7000-7fa3100ca000 rw-p 0001b000 00:1a64 4611686019135192570      /nix/store/gpxl5qgg8kicmcvivwmybwjlpf7wh20l-graalvm17-ce-22.3.0/lib/libnet.so
7fa3100ca000-7fa3100dd000 r-xp 00000000 00:1a64 4611686019135192571      /nix/store/gpxl5qgg8kicmcvivwmybwjlpf7wh20l-graalvm17-ce-22.3.0/lib/libnio.so
7fa3100dd000-7fa3100de000 r--p 00012000 00:1a64 4611686019135192571      /nix/store/gpxl5qgg8kicmcvivwmybwjlpf7wh20l-graalvm17-ce-22.3.0/lib/libnio.so
7fa3100de000-7fa3100df000 rw-p 00013000 00:1a64 4611686019135192571      /nix/store/gpxl5qgg8kicmcvivwmybwjlpf7wh20l-graalvm17-ce-22.3.0/lib/libnio.so
7fa3100df000-7fa3100e4000 rw-p 00019000 00:1a64 4611686019135192571      /nix/store/gpxl5qgg8kicmcvivwmybwjlpf7wh20l-graalvm17-ce-22.3.0/lib/libnio.so
7fa3100e4000-7fa3100e8000 ---p 00000000 00:00 0 
7fa3100e8000-7fa3101e4000 rw-p 00000000 00:00 0 
7fa3101e4000-7fa3101e8000 ---p 00000000 00:00 0 
7fa3101e8000-7fa3102e4000 rw-p 00000000 00:00 0 
7fa3102e4000-7fa3102e8000 ---p 00000000 00:00 0 
7fa3102e8000-7fa3103e4000 rw-p 00000000 00:00 0 
7fa3103e4000-7fa3103e5000 ---p 00000000 00:00 0 
7fa3103e5000-7fa3104e6000 rw-p 00000000 00:00 0 
7fa3104e6000-7fa3105b4000 r-xp 00000000 00:1a64 4611686019135190036      /nix/store/gpxl5qgg8kicmcvivwmybwjlpf7wh20l-graalvm17-ce-22.3.0/lib/libjsvml.so
7fa3105b4000-7fa3105b5000 r--p 000cd000 00:1a64 4611686019135190036      /nix/store/gpxl5qgg8kicmcvivwmybwjlpf7wh20l-graalvm17-ce-22.3.0/lib/libjsvml.so
7fa3105b5000-7fa3105b6000 rw-p 000ce000 00:1a64 4611686019135190036      /nix/store/gpxl5qgg8kicmcvivwmybwjlpf7wh20l-graalvm17-ce-22.3.0/lib/libjsvml.so
7fa3105b6000-7fa310e8e000 rw-p 00000000 00:00 0 
7fa310e8e000-7fa310e8f000 ---p 00000000 00:00 0 
7fa310e8f000-7fa31103a000 rw-p 00000000 00:00 0 
7fa31103a000-7fa31105d000 rw-p 00000000 00:00 0 
7fa31105d000-7fa311090000 ---p 00000000 00:00 0 
7fa311090000-7fa311098000 rw-p 00000000 00:00 0 
7fa311098000-7fa31117c000 ---p 00000000 00:00 0 
7fa31117c000-7fa31119d000 rw-p 00000000 00:00 0 
7fa31119d000-7fa311267000 ---p 00000000 00:00 0 
7fa311267000-7fa31126c000 rw-p 00000000 00:00 0 
7fa31126c000-7fa311273000 ---p 00000000 00:00 0 
7fa311273000-7fa311297000 r-xp 00000000 00:1a64 4611686019135190028      /nix/store/gpxl5qgg8kicmcvivwmybwjlpf7wh20l-graalvm17-ce-22.3.0/lib/libjava.so
7fa311297000-7fa311298000 ---p 00024000 00:1a64 4611686019135190028      /nix/store/gpxl5qgg8kicmcvivwmybwjlpf7wh20l-graalvm17-ce-22.3.0/lib/libjava.so
7fa311298000-7fa311299000 r--p 00024000 00:1a64 4611686019135190028      /nix/store/gpxl5qgg8kicmcvivwmybwjlpf7wh20l-graalvm17-ce-22.3.0/lib/libjava.so
7fa311299000-7fa31129a000 rw-p 00025000 00:1a64 4611686019135190028      /nix/store/gpxl5qgg8kicmcvivwmybwjlpf7wh20l-graalvm17-ce-22.3.0/lib/libjava.so
7fa31129a000-7fa31129b000 rw-p 00000000 00:00 0 
7fa31129b000-7fa3112a2000 rw-p 0002f000 00:1a64 4611686019135190028      /nix/store/gpxl5qgg8kicmcvivwmybwjlpf7wh20l-graalvm17-ce-22.3.0/lib/libjava.so
7fa3112a2000-7fa3112aa000 rw-s 00000000 00:19f4 687                      /tmp/hsperfdata_runner/8513
7fa3112aa000-7fa3112ab000 ---p 00000000 00:00 0 
7fa3112ab000-7fa3112ac000 r--p 00000000 00:00 0 
7fa3112ac000-7fa3112ad000 rwxp 00000000 00:00 0 
7fa3112ad000-7fa3112c8000 r-xp 00000000 00:1a64 4611686019135190032      /nix/store/gpxl5qgg8kicmcvivwmybwjlpf7wh20l-graalvm17-ce-22.3.0/lib/libjimage.so
7fa3112c8000-7fa3112c9000 ---p 0001b000 00:1a64 4611686019135190032      /nix/store/gpxl5qgg8kicmcvivwmybwjlpf7wh20l-graalvm17-ce-22.3.0/lib/libjimage.so
7fa3112c9000-7fa3112cb000 r--p 0001b000 00:1a64 4611686019135190032      /nix/store/gpxl5qgg8kicmcvivwmybwjlpf7wh20l-graalvm17-ce-22.3.0/lib/libjimage.so
7fa3112cb000-7fa3112cc000 rw-p 0001d000 00:1a64 4611686019135190032      /nix/store/gpxl5qgg8kicmcvivwmybwjlpf7wh20l-graalvm17-ce-22.3.0/lib/libjimage.so
7fa3112cc000-7fa3112cd000 rw-p 00024000 00:1a64 4611686019135190032      /nix/store/gpxl5qgg8kicmcvivwmybwjlpf7wh20l-graalvm17-ce-22.3.0/lib/libjimage.so
7fa3112cd000-7fa3112d1000 ---p 00000000 00:00 0 
7fa3112d1000-7fa3113cd000 rw-p 00000000 00:00 0 
7fa3113cd000-7fa3113db000 r--p 00000000 00:1a64 4611686019027979927      /nix/store/4nlgxhb09sdr51nc9hdm8az5b08vzkgx-glibc-2.35-163/lib/libm.so.6
7fa3113db000-7fa31144e000 r-xp 0000e000 00:1a64 4611686019027979927      /nix/store/4nlgxhb09sdr51nc9hdm8az5b08vzkgx-glibc-2.35-163/lib/libm.so.6
7fa31144e000-7fa3114ab000 r--p 00081000 00:1a64 4611686019027979927      /nix/store/4nlgxhb09sdr51nc9hdm8az5b08vzkgx-glibc-2.35-163/lib/libm.so.6
7fa3114ab000-7fa3114ac000 r--p 000dd000 00:1a64 4611686019027979927      /nix/store/4nlgxhb09sdr51nc9hdm8az5b08vzkgx-glibc-2.35-163/lib/libm.so.6
7fa3114ac000-7fa3114ad000 rw-p 000de000 00:1a64 4611686019027979927      /nix/store/4nlgxhb09sdr51nc9hdm8az5b08vzkgx-glibc-2.35-163/lib/libm.so.6
7fa3114ad000-7fa3114ae000 r--p 00000000 00:1a64 4611686019027979946      /nix/store/4nlgxhb09sdr51nc9hdm8az5b08vzkgx-glibc-2.35-163/lib/librt.so.1
7fa3114ae000-7fa3114af000 r-xp 00001000 00:1a64 4611686019027979946      /nix/store/4nlgxhb09sdr51nc9hdm8az5b08vzkgx-glibc-2.35-163/lib/librt.so.1
7fa3114af000-7fa3114b0000 r--p 00002000 00:1a64 4611686019027979946      /nix/store/4nlgxhb09sdr51nc9hdm8az5b08vzkgx-glibc-2.35-163/lib/librt.so.1
7fa3114b0000-7fa3114b1000 r--p 00002000 00:1a64 4611686019027979946      /nix/store/4nlgxhb09sdr51nc9hdm8az5b08vzkgx-glibc-2.35-163/lib/librt.so.1
7fa3114b1000-7fa3114b2000 rw-p 00003000 00:1a64 4611686019027979946      /nix/store/4nlgxhb09sdr51nc9hdm8az5b08vzkgx-glibc-2.35-163/lib/librt.so.1
7fa3114b2000-7fa3125c5000 r-xp 00000000 00:1a64 4611686019135360866      /nix/store/gpxl5qgg8kicmcvivwmybwjlpf7wh20l-graalvm17-ce-22.3.0/lib/server/libjvm.so
7fa3125c5000-7fa3125c6000 ---p 01113000 00:1a64 4611686019135360866      /nix/store/gpxl5qgg8kicmcvivwmybwjlpf7wh20l-graalvm17-ce-22.3.0/lib/server/libjvm.so
7fa3125c6000-7fa31267b000 r--p 01113000 00:1a64 4611686019135360866      /nix/store/gpxl5qgg8kicmcvivwmybwjlpf7wh20l-graalvm17-ce-22.3.0/lib/server/libjvm.so
7fa31267b000-7fa3126af000 rw-p 011c8000 00:1a64 4611686019135360866      /nix/store/gpxl5qgg8kicmcvivwmybwjlpf7wh20l-graalvm17-ce-22.3.0/lib/server/libjvm.so
7fa3126af000-7fa31270b000 rw-p 00000000 00:00 0 
7fa31270b000-7fa312733000 r--p 00000000 00:1a64 4611686019027979918      /nix/store/4nlgxhb09sdr51nc9hdm8az5b08vzkgx-glibc-2.35-163/lib/libc.so.6
7fa312733000-7fa3128a9000 r-xp 00028000 00:1a64 4611686019027979918      /nix/store/4nlgxhb09sdr51nc9hdm8az5b08vzkgx-glibc-2.35-163/lib/libc.so.6
7fa3128a9000-7fa312901000 r--p 0019e000 00:1a64 4611686019027979918      /nix/store/4nlgxhb09sdr51nc9hdm8az5b08vzkgx-glibc-2.35-163/lib/libc.so.6
7fa312901000-7fa312905000 r--p 001f6000 00:1a64 4611686019027979918      /nix/store/4nlgxhb09sdr51nc9hdm8az5b08vzkgx-glibc-2.35-163/lib/libc.so.6
7fa312905000-7fa312907000 rw-p 001fa000 00:1a64 4611686019027979918      /nix/store/4nlgxhb09sdr51nc9hdm8az5b08vzkgx-glibc-2.35-163/lib/libc.so.6
7fa312907000-7fa312916000 rw-p 00000000 00:00 0 
7fa312916000-7fa312917000 r--p 00000000 00:1a64 4611686019027979923      /nix/store/4nlgxhb09sdr51nc9hdm8az5b08vzkgx-glibc-2.35-163/lib/libdl.so.2
7fa312917000-7fa312918000 r-xp 00001000 00:1a64 4611686019027979923      /nix/store/4nlgxhb09sdr51nc9hdm8az5b08vzkgx-glibc-2.35-163/lib/libdl.so.2
7fa312918000-7fa312919000 r--p 00002000 00:1a64 4611686019027979923      /nix/store/4nlgxhb09sdr51nc9hdm8az5b08vzkgx-glibc-2.35-163/lib/libdl.so.2
7fa312919000-7fa31291a000 r--p 00002000 00:1a64 4611686019027979923      /nix/store/4nlgxhb09sdr51nc9hdm8az5b08vzkgx-glibc-2.35-163/lib/libdl.so.2
7fa31291a000-7fa31291b000 rw-p 00003000 00:1a64 4611686019027979923      /nix/store/4nlgxhb09sdr51nc9hdm8az5b08vzkgx-glibc-2.35-163/lib/libdl.so.2
7fa31291b000-7fa31291c000 r--p 00000000 00:1a64 4611686019027979942      /nix/store/4nlgxhb09sdr51nc9hdm8az5b08vzkgx-glibc-2.35-163/lib/libpthread.so.0
7fa31291c000-7fa31291d000 r-xp 00001000 00:1a64 4611686019027979942      /nix/store/4nlgxhb09sdr51nc9hdm8az5b08vzkgx-glibc-2.35-163/lib/libpthread.so.0
7fa31291d000-7fa31291e000 r--p 00002000 00:1a64 4611686019027979942      /nix/store/4nlgxhb09sdr51nc9hdm8az5b08vzkgx-glibc-2.35-163/lib/libpthread.so.0
7fa31291e000-7fa31291f000 r--p 00002000 00:1a64 4611686019027979942      /nix/store/4nlgxhb09sdr51nc9hdm8az5b08vzkgx-glibc-2.35-163/lib/libpthread.so.0
7fa31291f000-7fa312920000 rw-p 00003000 00:1a64 4611686019027979942      /nix/store/4nlgxhb09sdr51nc9hdm8az5b08vzkgx-glibc-2.35-163/lib/libpthread.so.0
7fa312920000-7fa31292e000 r-xp 00000000 00:1a64 4611686019135190033      /nix/store/gpxl5qgg8kicmcvivwmybwjlpf7wh20l-graalvm17-ce-22.3.0/lib/libjli.so
7fa31292e000-7fa31292f000 ---p 0000e000 00:1a64 4611686019135190033      /nix/store/gpxl5qgg8kicmcvivwmybwjlpf7wh20l-graalvm17-ce-22.3.0/lib/libjli.so
7fa31292f000-7fa312930000 r--p 0000e000 00:1a64 4611686019135190033      /nix/store/gpxl5qgg8kicmcvivwmybwjlpf7wh20l-graalvm17-ce-22.3.0/lib/libjli.so
7fa312930000-7fa312931000 rw-p 0000f000 00:1a64 4611686019135190033      /nix/store/gpxl5qgg8kicmcvivwmybwjlpf7wh20l-graalvm17-ce-22.3.0/lib/libjli.so
7fa312931000-7fa312932000 rw-p 00012000 00:1a64 4611686019135190033      /nix/store/gpxl5qgg8kicmcvivwmybwjlpf7wh20l-graalvm17-ce-22.3.0/lib/libjli.so
7fa312932000-7fa312935000 r--p 00000000 00:1a64 4611686019106210071      /nix/store/026hln0aq1hyshaxsdvhg0kmcm6yf45r-zlib-1.2.13/lib/libz.so.1.2.13
7fa312935000-7fa312947000 r-xp 00003000 00:1a64 4611686019106210071      /nix/store/026hln0aq1hyshaxsdvhg0kmcm6yf45r-zlib-1.2.13/lib/libz.so.1.2.13
7fa312947000-7fa31294e000 r--p 00015000 00:1a64 4611686019106210071      /nix/store/026hln0aq1hyshaxsdvhg0kmcm6yf45r-zlib-1.2.13/lib/libz.so.1.2.13
7fa31294e000-7fa31294f000 r--p 0001b000 00:1a64 4611686019106210071      /nix/store/026hln0aq1hyshaxsdvhg0kmcm6yf45r-zlib-1.2.13/lib/libz.so.1.2.13
7fa31294f000-7fa312950000 rw-p 0001c000 00:1a64 4611686019106210071      /nix/store/026hln0aq1hyshaxsdvhg0kmcm6yf45r-zlib-1.2.13/lib/libz.so.1.2.13
7fa312950000-7fa312952000 rw-p 00000000 00:00 0 
7fa312952000-7fa312954000 r--p 00000000 00:1a64 4611686019027979912      /nix/store/4nlgxhb09sdr51nc9hdm8az5b08vzkgx-glibc-2.35-163/lib/ld-linux-x86-64.so.2
7fa312954000-7fa31297b000 r-xp 00002000 00:1a64 4611686019027979912      /nix/store/4nlgxhb09sdr51nc9hdm8az5b08vzkgx-glibc-2.35-163/lib/ld-linux-x86-64.so.2
7fa31297b000-7fa312987000 r--p 00029000 00:1a64 4611686019027979912      /nix/store/4nlgxhb09sdr51nc9hdm8az5b08vzkgx-glibc-2.35-163/lib/ld-linux-x86-64.so.2
7fa312987000-7fa312989000 r--p 00034000 00:1a64 4611686019027979912      /nix/store/4nlgxhb09sdr51nc9hdm8az5b08vzkgx-glibc-2.35-163/lib/ld-linux-x86-64.so.2
7fa312989000-7fa31298b000 rw-p 00036000 00:1a64 4611686019027979912      /nix/store/4nlgxhb09sdr51nc9hdm8az5b08vzkgx-glibc-2.35-163/lib/ld-linux-x86-64.so.2
7ffdd6398000-7ffdd63bc000 rw-p 00000000 00:00 0                          [stack]
7ffdd63ef000-7ffdd63f3000 r--p 00000000 00:00 0                          [vvar]
7ffdd63f3000-7ffdd63f5000 r-xp 00000000 00:00 0                          [vdso]
ffffffffff600000-ffffffffff601000 --xp 00000000 00:00 0                  [vsyscall]


VM Arguments:
jvm_args: -XX:ThreadPriorityPolicy=1 -XX:+UnlockExperimentalVMOptions -XX:+EnableJVMCIProduct -XX:JVMCIThreadsPerNativeLibraryRuntime=1 -XX:-UnlockExperimentalVMOptions -Declipse.application=org.eclipse.jdt.ls.core.id1 -Dosgi.bundles.defaultStartLevel=4 -Declipse.product=org.eclipse.jdt.ls.core.product -Dlog.level=ALL -Xverify:none -XX:+UseParallelGC -XX:GCTimeRatio=4 -XX:AdaptiveSizePolicyWeight=90 -Dsun.zip.disableMemoryMapping=true -Xmx512m -Xms100m 
java_command: /nix/store/m6gcpi1ii6rghy04cjwjddcavv7i90df-jdt-language-server-1.9.0/share/java/plugins/org.eclipse.equinox.launcher_1.6.400.v20210924-0641.jar --add-modules=ALL-SYSTEM --add-opens java.base/java.util=ALL-UNNAMED --add-opens java.base/java.lang=ALL-UNNAMED -configuration /home/runner/.cache/jdt-language-server/config -data /home/runner/.cache/jdt-language-server/data/home/runner/javaclass
java_class_path (initial): /nix/store/m6gcpi1ii6rghy04cjwjddcavv7i90df-jdt-language-server-1.9.0/share/java/plugins/org.eclipse.equinox.launcher_1.6.400.v20210924-0641.jar
Launcher Type: SUN_STANDARD

[Global flags]
    uintx AdaptiveSizePolicyWeight                 = 90                                        {product} {command line}
     intx CICompilerCount                          = 2                                         {product} {ergonomic}
     bool EnableJVMCIProduct                       = true                                {JVMCI product} {jimage}
    uintx GCTimeRatio                              = 4                                         {product} {command line}
   size_t InitialHeapSize                          = 104857600                                 {product} {command line}
     uint JVMCIThreadsPerNativeLibraryRuntime      = 1                                   {JVMCI product} {jimage}
   size_t MaxHeapSize                              = 536870912                                 {product} {command line}
   size_t MaxNewSize                               = 178782208                                 {product} {ergonomic}
   size_t MinHeapDeltaBytes                        = 524288                                    {product} {ergonomic}
   size_t MinHeapSize                              = 104857600                                 {product} {command line}
   size_t NewSize                                  = 34603008                                  {product} {ergonomic}
    uintx NonNMethodCodeHeapSize                   = 5826188                                {pd product} {ergonomic}
    uintx NonProfiledCodeHeapSize                  = 122916026                              {pd product} {ergonomic}
   size_t OldSize                                  = 70254592                                  {product} {ergonomic}
    uintx ProfiledCodeHeapSize                     = 122916026                              {pd product} {ergonomic}
    uintx ReservedCodeCacheSize                    = 251658240                              {pd product} {ergonomic}
     bool SegmentedCodeCache                       = true                                      {product} {ergonomic}
   size_t SoftMaxHeapSize                          = 536870912                              {manageable} {ergonomic}
     intx ThreadPriorityPolicy                     = 1                                         {product} {jimage}
     bool UseCompressedClassPointers               = true                           {product lp64_product} {ergonomic}
     bool UseCompressedOops                        = true                           {product lp64_product} {ergonomic}
     bool UseParallelGC                            = true                                      {product} {command line}

Logging:
Log output configuration:
 #0: stdout all=warning uptime,level,tags
 #1: stderr all=off uptime,level,tags

Environment Variables:
JAVA_HOME=/nix/store/gpxl5qgg8kicmcvivwmybwjlpf7wh20l-graalvm17-ce-22.3.0
PATH=/nix/store/1d6ian3r8kdzspw8hacjhl3xkp40g1lj-binutils-wrapper-2.39/bin:/nix/store/dq0xwmsk1g0i2ayg6pb7y87na2knzylh-gcc-wrapper-11.3.0/bin:/nix/store/bap4d0lpcrhpwmpb8ayjcgkmvfj62lnq-bash-interactive-5.1-p16/bin:/nix/store/pr5n59mb4jzmfx6kanwxly0l07p861fg-patchelf-0.15.0/bin:/nix/store/1gf2flfqnpqbr1b4p4qz2f72y42bs56r-gcc-11.3.0/bin:/nix/store/57xv61c5zi8pphjbcwxxjlgc34p61ic9-glibc-2.35-163-bin/bin:/nix/store/a7gvj343m05j2s32xcnwr35v31ynlypr-coreutils-9.1/bin:/nix/store/039g378vc3pc3dvi9dzdlrd0i4q93qwf-binutils-2.39/bin:/nix/store/gpxl5qgg8kicmcvivwmybwjlpf7wh20l-graalvm17-ce-22.3.0/bin:/nix/store/6z9ag3ihc8mq2hzsw48lhbznvzny65nz-apache-maven-3.8.6/bin:/nix/store/m6gcpi1ii6rghy04cjwjddcavv7i90df-jdt-language-server-1.9.0/bin:/nix/store/84xs5alhs01zrbr4ywm05kxbjbp5590l-java-debug/bin:/nix/store/mydc6f4k2z73xlcz7ilif3v2lcaiqvza-findutils-4.9.0/bin:/nix/store/j9p3g8472iijd50vhdprx0nmk2fqn5gv-diffutils-3.8/bin:/nix/store/89zs7rms6x00xfq4dq6m7mjnhkr8a6r4-gnused-4.8/bin:/nix/store/86bp03jkmsl6f92w0yzg4s59g5mhxwmy-gnugrep-3.7/bin:/nix/store/hwcdqw4jrjnd37wxqgsd47hd0j8bnj09-gawk-5.1.1/bin:/nix/store/cfbhw8r8ags41vwqaz47r583d0p4h4a1-gnutar-1.34/bin:/nix/store/p3m1ndl1lapwrlh698bnb5lvvxh67378-gzip-1.12/bin:/nix/store/a8mhcagrsly7c7mpjrpsnaahk4aax056-bzip2-1.0.8-bin/bin:/nix/store/mblgz65m3zv9x548a3d5m96fj2pbwr09-gnumake-4.3/bin:/nix/store/dsd5gz46hdbdk2rfdimqddhq6m8m8fqs-bash-5.1-p16/bin:/nix/store/v7ljksji50mg3w61dykaa3n3y79n6nil-patch-2.7.6/bin:/nix/store/zlcnmqq14jz5x9439jf937mvayyl63da-xz-5.2.7-bin/bin:/nix/store/y6aj732zm9m87c82fpvf103a1xb22blp-file-5.43/bin:/nix/store/i4kzir3m7mrisxmf5xvlnkw01x4qaqr4-prybar-elisp-0.0.0-e0d9a52/bin:/nix/store/lwwivxf6h7x3cvxp9zv8sj0mv7dak99r-prybar-lua-0.0.0-e0d9a52/bin:/nix/store/gxj28g1cg4hq3qanmjv07156h800qr58-prybar-python3-0.0.0-e0d9a52/bin:/nix/store/hshkjnxrgidigf8x75vg6lqng2xlx9i3-prybar-sqlite-0.0.0-e0d9a52/bin:/nix/store/c4w01bpjgyy5ixmwdk8m1pw87zq4sl26-prybar-tcl-0.0.0-e0d9a52/bin:/nix/store/hpbvrlwd5viqmvcaisb3x0118i913a9n-st
LD_LIBRARY_PATH=/nix/store/a4pff549sk2idnkpzk5nsfps3mdkdnvm-cups-2.4.2-lib/lib:/nix/store/72mqxxhh3cy5yifh92wh2yb8cl2hikyy-cairo-1.16.0/lib:/nix/store/2k366jrbsra97gjfxwvrhvixjfxdach5-glib-2.74.1/lib:/nix/store/2j2znigd8ak37rlwh9khz0ry3clqlw1l-gtk+3-3.24.34/lib:/nix/store/hisqvx32cd57apbpcsnkpx6k3549wql1-libglvnd-1.4.0/lib:/nix/store/p36pgcv991mq5srvg765b78yqpxvk3qs-mesa-21.3.3-drivers/lib:/nix/store/mav4251if1ahjq5vkpwycyyvnmy459c4-pulseaudio-14.2/lib
DISPLAY=:0
LANG=en_US.UTF-8

Signal Handlers:
   SIGSEGV: crash_handler in libjvm.so, mask=11100100010111111101111111111110, flags=SA_RESTART|SA_SIGINFO
    SIGBUS: crash_handler in libjvm.so, mask=11100100010111111101111111111110, flags=SA_RESTART|SA_SIGINFO
    SIGFPE: crash_handler in libjvm.so, mask=11100100010111111101111111111110, flags=SA_RESTART|SA_SIGINFO
   SIGPIPE: IsolateEnterStub_IgnoreSIGPIPEStartupHook_noopSignalHandler_8f19bff2f35b5f630d83b364d6b2339320d4ec70_216e8361c6bc87a8f89f58cc10d3b2fd4415bf87 in libjvmcicompiler.so, mask=00000000000000000000000000000000, flags=SA_RESTART
  *** Handler was modified!
  *** Expected: javaSignalHandler in libjvm.so, mask=11100100110111111111111111111110, flags=SA_RESTART|SA_SIGINFO
   SIGXFSZ: javaSignalHandler in libjvm.so, mask=11100100010111111101111111111110, flags=SA_RESTART|SA_SIGINFO
    SIGILL: crash_handler in libjvm.so, mask=11100100010111111101111111111110, flags=SA_RESTART|SA_SIGINFO
   SIGUSR2: SR_handler in libjvm.so, mask=00000000000000000000000000000000, flags=SA_RESTART|SA_SIGINFO
    SIGHUP: UserHandler in libjvm.so, mask=11100100010111111101111111111110, flags=SA_RESTART|SA_SIGINFO
    SIGINT: UserHandler in libjvm.so, mask=11100100010111111101111111111110, flags=SA_RESTART|SA_SIGINFO
   SIGTERM: UserHandler in libjvm.so, mask=11100100010111111101111111111110, flags=SA_RESTART|SA_SIGINFO
   SIGQUIT: UserHandler in libjvm.so, mask=11100100010111111101111111111110, flags=SA_RESTART|SA_SIGINFO
  *** Handler was modified!
  *** Expected: javaSignalHandler in libjvm.so, mask=11100100110111111111111111111110, flags=SA_RESTART|SA_SIGINFO
   SIGTRAP: crash_handler in libjvm.so, mask=11100100010111111101111111111110, flags=SA_RESTART|SA_SIGINFO


---------------  S Y S T E M  ---------------

OS:
DISTRIB_ID=Ubuntu
DISTRIB_RELEASE=20.04
DISTRIB_CODENAME=focal
DISTRIB_DESCRIPTION="Ubuntu 20.04.2 LTS"
uname: Linux 5.19.0-1026-gcp #28~22.04.1-Ubuntu SMP Tue Jun 6 07:24:26 UTC 2023 x86_64
OS uptime: 0 days 5:13 hours
libc: glibc 2.35 NPTL 2.35 
rlimit (soft/hard): STACK 8192k/infinity , CORE infinity/infinity , NPROC infinity/infinity , NOFILE 5242/5242 , AS infinity/infinity , CPU infinity/infinity , DATA infinity/infinity , FSIZE infinity/infinity , MEMLOCK 8192k/8192k
load average: 29.70 26.12 23.88

/proc/meminfo:
MemTotal:       65839956 kB
MemFree:         4884732 kB
MemAvailable:   30857988 kB
Buffers:         1394176 kB
Cached:         22957084 kB
SwapCached:            0 kB
Active:          7359088 kB
Inactive:       48946056 kB
Active(anon):      25388 kB
Inactive(anon): 31516956 kB
Active(file):    7333700 kB
Inactive(file): 17429100 kB
Unevictable:       56928 kB
Mlocked:           56928 kB
SwapTotal:             0 kB
SwapFree:              0 kB
Zswap:                 0 kB
Zswapped:              0 kB
Dirty:             13768 kB
Writeback:            12 kB
AnonPages:      30907288 kB
Mapped:          2253856 kB
Shmem:             46524 kB
KReclaimable:    1936944 kB
Slab:            3214716 kB
SReclaimable:    1936944 kB
SUnreclaim:      1277772 kB
KernelStack:      561876 kB
PageTables:       332996 kB
NFS_Unstable:          0 kB
Bounce:                0 kB
WritebackTmp:          0 kB
CommitLimit:    32919976 kB
Committed_AS:   119334616 kB
VmallocTotal:   34359738367 kB
VmallocUsed:      609492 kB
VmallocChunk:          0 kB
Percpu:            56928 kB
HardwareCorrupted:     0 kB
AnonHugePages:   7868416 kB
ShmemHugePages:        0 kB
ShmemPmdMapped:        0 kB
FileHugePages:         0 kB
FilePmdMapped:         0 kB
HugePages_Total:       0
HugePages_Free:        0
HugePages_Rsvd:        0
HugePages_Surp:        0
Hugepagesize:       2048 kB
Hugetlb:               0 kB
DirectMap4k:     6490936 kB
DirectMap2M:    56420352 kB
DirectMap1G:     6291456 kB

/sys/kernel/mm/transparent_hugepage/enabled: always [madvise] never
/sys/kernel/mm/transparent_hugepage/defrag (defrag/compaction efforts parameter): always defer defer+madvise [madvise] never

Process Memory:
Virtual Size: 4789316K (peak: 4835112K)
Resident Set Size: 755252K (peak: 810124K) (anon: 565588K, file: 189664K, shmem: 0K)
Swapped out: 0K
C-Heap outstanding allocations: 39953K, retained: 14278K
glibc malloc tunables: (default)

/proc/sys/kernel/threads-max (system-wide limit on the number of threads): 514310
/proc/sys/vm/max_map_count (maximum number of memory map areas a process may have): 65530
/proc/sys/kernel/pid_max (system-wide limit on number of process identifiers): 4194304

container (cgroup) information:
container_type: cgroupv1
cpu_cpuset_cpus: 2-7
cpu_memory_nodes: 0
active_processor_count: 1
cpu_quota: 50000
cpu_period: 100000
cpu_shares: 512
memory_limit_in_bytes: 1048576 k
memory_and_swap_limit_in_bytes: 1048576 k
memory_soft_limit_in_bytes: 524288 k
memory_usage_in_bytes: 729152 k
memory_max_usage_in_bytes: 1048576 k
maximum number of tasks: 1000
current number of tasks: 49

KVM virtualization detected
Steal ticks since vm start: 0
Steal ticks percentage since vm start:  0.000

CPU: total 8 (initial active 1) (8 cores per cpu, 2 threads per core) family 23 model 49 stepping 0 microcode 0xffffffff, cx8, cmov, fxsr, ht, mmx, 3dnowpref, sse, sse2, sse3, ssse3, sse4a, sse4.1, sse4.2, popcnt, lzcnt, tsc, tscinvbit, avx, avx2, aes, clmul, bmi1, bmi2, adx, sha, fma, vzeroupper, clflush, clflushopt, hv
CPU Model and flags from /proc/cpuinfo:
model name	: AMD EPYC 7B12
flags		: fpu vme de pse tsc msr pae mce cx8 apic sep mtrr pge mca cmov pat pse36 clflush mmx fxsr sse sse2 ht syscall nx mmxext fxsr_opt pdpe1gb rdtscp lm constant_tsc rep_good nopl nonstop_tsc cpuid extd_apicid tsc_known_freq pni pclmulqdq ssse3 fma cx16 sse4_1 sse4_2 movbe popcnt aes xsave avx f16c rdrand hypervisor lahf_lm cmp_legacy cr8_legacy abm sse4a misalignsse 3dnowprefetch osvw topoext ssbd ibrs ibpb stibp vmmcall fsgsbase tsc_adjust bmi1 avx2 smep bmi2 rdseed adx smap clflushopt clwb sha_ni xsaveopt xsavec xgetbv1 clzero xsaveerptr arat npt nrip_save umip rdpid

Online cpus: 0-7
Offline cpus: 
BIOS frequency limitation: <Not Available>
Frequency switch latency (ns): <Not Available>
Available cpu frequencies: <Not Available>
Current governor: <Not Available>
Core performance/turbo boost: <Not Available>

Memory: 4k page, physical 1048576k(319416k free), swap 0k(0k free)
Page Sizes: 4k

vm_info: OpenJDK 64-Bit Server VM (17.0.5+8-jvmci-22.3-b08) for linux-amd64 JRE (17.0.5+8-jvmci-22.3-b08), built on Oct 19 2022 09:01:27 by "buildslave" with gcc 10.3.0

END.
